<?xml version="1.0" encoding="UTF-8"?>
  <testsuite name="CSI Suite" tests="93" failures="93" errors="0" time="0.075">
      <testcase name="[sig-storage] CSI Volumes [Driver: csi-baremetal] [Testpattern: CSI Ephemeral-volume (default fs)] ephemeral should create read/write inline ephemeral volume" classname="CSI Suite" time="0.0015359">
          <failure type="Failure">/home/think/.go/pkg/mod/k8s.io/kubernetes@v1.22.5/test/e2e/framework/framework.go:185&#xA;Unexpected error:&#xA;    &lt;clientcmd.errConfigurationInvalid | len:1, cap:1&gt;: [&#xA;        &lt;*clientcmd.errEmptyConfig | 0xc000512670&gt;{&#xA;            message: &#34;no configuration has been provided, try setting KUBERNETES_MASTER environment variable&#34;,&#xA;        },&#xA;    ]&#xA;    invalid configuration: no configuration has been provided, try setting KUBERNETES_MASTER environment variable&#xA;occurred&#xA;/home/think/.go/pkg/mod/k8s.io/kubernetes@v1.22.5/test/e2e/framework/framework.go:201</failure>
          <system-out>[BeforeEach] [Testpattern: CSI Ephemeral-volume (default fs)] ephemeral&#xA;  /home/think/.go/pkg/mod/k8s.io/kubernetes@v1.22.5/test/e2e/storage/framework/testsuite.go:51&#xA;[BeforeEach] [Testpattern: CSI Ephemeral-volume (default fs)] ephemeral&#xA;  /home/think/.go/pkg/mod/k8s.io/kubernetes@v1.22.5/test/e2e/framework/framework.go:185&#xA;�[1mSTEP�[0m: Creating a kubernetes client&#xA;Mar 10 17:30:14.095: INFO: &gt;&gt;&gt; kubeConfig: /home/think/.kube/config&#xA;[AfterEach] [Testpattern: CSI Ephemeral-volume (default fs)] ephemeral&#xA;  /home/think/.go/pkg/mod/k8s.io/kubernetes@v1.22.5/test/e2e/framework/framework.go:186&#xA;Mar 10 17:30:14.096: FAIL: The framework ClientSet must not be nil at this point&#xA;&#xA;Full Stack Trace&#xA;github.com/onsi/ginkgo/internal/leafnodes.(*runner).runSync(0xc000103a00)&#xA;&#x9;/home/think/.go/pkg/mod/github.com/onsi/ginkgo@v1.16.4/internal/leafnodes/runner.go:113 +0xba&#xA;github.com/onsi/ginkgo/internal/leafnodes.(*runner).run(0xc000040560)&#xA;&#x9;/home/think/.go/pkg/mod/github.com/onsi/ginkgo@v1.16.4/internal/leafnodes/runner.go:64 +0x125&#xA;github.com/onsi/ginkgo/internal/leafnodes.(*SetupNode).Run(0x38)&#xA;&#x9;/home/think/.go/pkg/mod/github.com/onsi/ginkgo@v1.16.4/internal/leafnodes/setup_nodes.go:15 +0x7b&#xA;github.com/onsi/ginkgo/internal/spec.(*Spec).runSample.func1()&#xA;&#x9;/home/think/.go/pkg/mod/github.com/onsi/ginkgo@v1.16.4/internal/spec/spec.go:180 +0x209&#xA;github.com/onsi/ginkgo/internal/spec.(*Spec).runSample(0xc00043e780, 0xc000b95a00, {0x1eca980, 0xc000058940})&#xA;&#x9;/home/think/.go/pkg/mod/github.com/onsi/ginkgo@v1.16.4/internal/spec/spec.go:197 +0x703&#xA;github.com/onsi/ginkgo/internal/spec.(*Spec).Run(0xc00043e780, {0x1eca980, 0xc000058940})&#xA;&#x9;/home/think/.go/pkg/mod/github.com/onsi/ginkgo@v1.16.4/internal/spec/spec.go:138 +0xe7&#xA;github.com/onsi/ginkgo/internal/specrunner.(*SpecRunner).runSpec(0xc000520dc0, 0xc00043e780)&#xA;&#x9;/home/think/.go/pkg/mod/github.com/onsi/ginkgo@v1.16.4/internal/specrunner/spec_runner.go:200 +0xe5&#xA;github.com/onsi/ginkgo/internal/specrunner.(*SpecRunner).runSpecs(0xc000520dc0)&#xA;&#x9;/home/think/.go/pkg/mod/github.com/onsi/ginkgo@v1.16.4/internal/specrunner/spec_runner.go:170 +0x1a5&#xA;github.com/onsi/ginkgo/internal/specrunner.(*SpecRunner).Run(0xc000520dc0)&#xA;&#x9;/home/think/.go/pkg/mod/github.com/onsi/ginkgo@v1.16.4/internal/specrunner/spec_runner.go:66 +0xc5&#xA;github.com/onsi/ginkgo/internal/suite.(*Suite).Run(0xc0001809a0, {0x7f04a030d588, 0xc000103d40}, {0x1be677c, 0x1}, {0xc000528560, 0x2, 0x2}, {0x1f1b118, 0xc000058940}, ...)&#xA;&#x9;/home/think/.go/pkg/mod/github.com/onsi/ginkgo@v1.16.4/internal/suite/suite.go:79 +0x4d2&#xA;github.com/onsi/ginkgo.runSpecsWithCustomReporters({0x1eccfc0, 0xc000103d40}, {0x1be677c, 0x9}, {0xc000528540, 0x2, 0x1bffd61})&#xA;&#x9;/home/think/.go/pkg/mod/github.com/onsi/ginkgo@v1.16.4/ginkgo_dsl.go:238 +0x185&#xA;github.com/onsi/ginkgo.RunSpecsWithDefaultAndCustomReporters({0x1eccfc0, 0xc000103d40}, {0x1be677c, 0x9}, {0xc0004b1f50, 0x1, 0x1})&#xA;&#x9;/home/think/.go/pkg/mod/github.com/onsi/ginkgo@v1.16.4/ginkgo_dsl.go:221 +0x1be&#xA;command-line-arguments.Test(0x407eb9)&#xA;&#x9;/home/think/Workspace/csi-baremetal/tests/e2e/baremetal_e2e_test.go:63 +0x12c&#xA;testing.tRunner(0xc000103d40, 0x1cc3aa8)&#xA;&#x9;/usr/local/go/src/testing/testing.go:1259 +0x102&#xA;created by testing.(*T).Run&#xA;&#x9;/usr/local/go/src/testing/testing.go:1306 +0x35a&#xA;[AfterEach] [sig-storage] CSI Volumes&#xA;  /home/think/Workspace/csi-baremetal/tests/e2e/scenarios/setup.go:52&#xA;Mar 10 17:30:14.097: INFO: Skip timeout due to all tests suite&#xA;</system-out>
      </testcase>
      <testcase name="[sig-storage] CSI Volumes [Driver: csi-baremetal] [Testpattern: Dynamic PV (block volmode)] multiVolume [Slow] should concurrently access the single volume from pods on different node" classname="CSI Suite" time="0.000597">
          <failure type="Failure">/home/think/.go/pkg/mod/k8s.io/kubernetes@v1.22.5/test/e2e/framework/framework.go:185&#xA;Unexpected error:&#xA;    &lt;clientcmd.errConfigurationInvalid | len:1, cap:1&gt;: [&#xA;        &lt;*clientcmd.errEmptyConfig | 0xc000512670&gt;{&#xA;            message: &#34;no configuration has been provided, try setting KUBERNETES_MASTER environment variable&#34;,&#xA;        },&#xA;    ]&#xA;    invalid configuration: no configuration has been provided, try setting KUBERNETES_MASTER environment variable&#xA;occurred&#xA;/home/think/.go/pkg/mod/k8s.io/kubernetes@v1.22.5/test/e2e/framework/framework.go:201</failure>
          <system-out>[BeforeEach] [Testpattern: Dynamic PV (block volmode)] multiVolume [Slow]&#xA;  /home/think/.go/pkg/mod/k8s.io/kubernetes@v1.22.5/test/e2e/storage/framework/testsuite.go:51&#xA;[BeforeEach] [Testpattern: Dynamic PV (block volmode)] multiVolume [Slow]&#xA;  /home/think/.go/pkg/mod/k8s.io/kubernetes@v1.22.5/test/e2e/framework/framework.go:185&#xA;�[1mSTEP�[0m: Creating a kubernetes client&#xA;Mar 10 17:30:14.097: INFO: &gt;&gt;&gt; kubeConfig: /home/think/.kube/config&#xA;[AfterEach] [Testpattern: Dynamic PV (block volmode)] multiVolume [Slow]&#xA;  /home/think/.go/pkg/mod/k8s.io/kubernetes@v1.22.5/test/e2e/framework/framework.go:186&#xA;Mar 10 17:30:14.097: FAIL: The framework ClientSet must not be nil at this point&#xA;&#xA;Full Stack Trace&#xA;github.com/onsi/ginkgo/internal/leafnodes.(*runner).runSync(0xc000103a00)&#xA;&#x9;/home/think/.go/pkg/mod/github.com/onsi/ginkgo@v1.16.4/internal/leafnodes/runner.go:113 +0xba&#xA;github.com/onsi/ginkgo/internal/leafnodes.(*runner).run(0xc000040560)&#xA;&#x9;/home/think/.go/pkg/mod/github.com/onsi/ginkgo@v1.16.4/internal/leafnodes/runner.go:64 +0x125&#xA;github.com/onsi/ginkgo/internal/leafnodes.(*SetupNode).Run(0x38)&#xA;&#x9;/home/think/.go/pkg/mod/github.com/onsi/ginkgo@v1.16.4/internal/leafnodes/setup_nodes.go:15 +0x7b&#xA;github.com/onsi/ginkgo/internal/spec.(*Spec).runSample.func1()&#xA;&#x9;/home/think/.go/pkg/mod/github.com/onsi/ginkgo@v1.16.4/internal/spec/spec.go:180 +0x209&#xA;github.com/onsi/ginkgo/internal/spec.(*Spec).runSample(0xc000c89e00, 0xc000ca7a00, {0x1eca980, 0xc000058940})&#xA;&#x9;/home/think/.go/pkg/mod/github.com/onsi/ginkgo@v1.16.4/internal/spec/spec.go:197 +0x703&#xA;github.com/onsi/ginkgo/internal/spec.(*Spec).Run(0xc000c89e00, {0x1eca980, 0xc000058940})&#xA;&#x9;/home/think/.go/pkg/mod/github.com/onsi/ginkgo@v1.16.4/internal/spec/spec.go:138 +0xe7&#xA;github.com/onsi/ginkgo/internal/specrunner.(*SpecRunner).runSpec(0xc000520dc0, 0xc000c89e00)&#xA;&#x9;/home/think/.go/pkg/mod/github.com/onsi/ginkgo@v1.16.4/internal/specrunner/spec_runner.go:200 +0xe5&#xA;github.com/onsi/ginkgo/internal/specrunner.(*SpecRunner).runSpecs(0xc000520dc0)&#xA;&#x9;/home/think/.go/pkg/mod/github.com/onsi/ginkgo@v1.16.4/internal/specrunner/spec_runner.go:170 +0x1a5&#xA;github.com/onsi/ginkgo/internal/specrunner.(*SpecRunner).Run(0xc000520dc0)&#xA;&#x9;/home/think/.go/pkg/mod/github.com/onsi/ginkgo@v1.16.4/internal/specrunner/spec_runner.go:66 +0xc5&#xA;github.com/onsi/ginkgo/internal/suite.(*Suite).Run(0xc0001809a0, {0x7f04a030d588, 0xc000103d40}, {0x1be677c, 0x1}, {0xc000528560, 0x2, 0x2}, {0x1f1b118, 0xc000058940}, ...)&#xA;&#x9;/home/think/.go/pkg/mod/github.com/onsi/ginkgo@v1.16.4/internal/suite/suite.go:79 +0x4d2&#xA;github.com/onsi/ginkgo.runSpecsWithCustomReporters({0x1eccfc0, 0xc000103d40}, {0x1be677c, 0x9}, {0xc000528540, 0x2, 0x1bffd61})&#xA;&#x9;/home/think/.go/pkg/mod/github.com/onsi/ginkgo@v1.16.4/ginkgo_dsl.go:238 +0x185&#xA;github.com/onsi/ginkgo.RunSpecsWithDefaultAndCustomReporters({0x1eccfc0, 0xc000103d40}, {0x1be677c, 0x9}, {0xc0004b1f50, 0x1, 0x1})&#xA;&#x9;/home/think/.go/pkg/mod/github.com/onsi/ginkgo@v1.16.4/ginkgo_dsl.go:221 +0x1be&#xA;command-line-arguments.Test(0x407eb9)&#xA;&#x9;/home/think/Workspace/csi-baremetal/tests/e2e/baremetal_e2e_test.go:63 +0x12c&#xA;testing.tRunner(0xc000103d40, 0x1cc3aa8)&#xA;&#x9;/usr/local/go/src/testing/testing.go:1259 +0x102&#xA;created by testing.(*T).Run&#xA;&#x9;/usr/local/go/src/testing/testing.go:1306 +0x35a&#xA;[AfterEach] [sig-storage] CSI Volumes&#xA;  /home/think/Workspace/csi-baremetal/tests/e2e/scenarios/setup.go:52&#xA;Mar 10 17:30:14.097: INFO: Skip timeout due to all tests suite&#xA;</system-out>
      </testcase>
      <testcase name="[sig-storage] CSI Volumes [Driver: csi-baremetal] [Testpattern: Dynamic PV (xfs)][Slow] multiVolume [Slow] should concurrently access the single volume from pods on the same node" classname="CSI Suite" time="0.0005974">
          <failure type="Failure">/home/think/.go/pkg/mod/k8s.io/kubernetes@v1.22.5/test/e2e/framework/framework.go:185&#xA;Unexpected error:&#xA;    &lt;clientcmd.errConfigurationInvalid | len:1, cap:1&gt;: [&#xA;        &lt;*clientcmd.errEmptyConfig | 0xc000512670&gt;{&#xA;            message: &#34;no configuration has been provided, try setting KUBERNETES_MASTER environment variable&#34;,&#xA;        },&#xA;    ]&#xA;    invalid configuration: no configuration has been provided, try setting KUBERNETES_MASTER environment variable&#xA;occurred&#xA;/home/think/.go/pkg/mod/k8s.io/kubernetes@v1.22.5/test/e2e/framework/framework.go:201</failure>
          <system-out>[BeforeEach] [Testpattern: Dynamic PV (xfs)][Slow] multiVolume [Slow]&#xA;  /home/think/.go/pkg/mod/k8s.io/kubernetes@v1.22.5/test/e2e/storage/framework/testsuite.go:51&#xA;[BeforeEach] [Testpattern: Dynamic PV (xfs)][Slow] multiVolume [Slow]&#xA;  /home/think/.go/pkg/mod/k8s.io/kubernetes@v1.22.5/test/e2e/framework/framework.go:185&#xA;�[1mSTEP�[0m: Creating a kubernetes client&#xA;Mar 10 17:30:14.097: INFO: &gt;&gt;&gt; kubeConfig: /home/think/.kube/config&#xA;[AfterEach] [Testpattern: Dynamic PV (xfs)][Slow] multiVolume [Slow]&#xA;  /home/think/.go/pkg/mod/k8s.io/kubernetes@v1.22.5/test/e2e/framework/framework.go:186&#xA;Mar 10 17:30:14.098: FAIL: The framework ClientSet must not be nil at this point&#xA;&#xA;Full Stack Trace&#xA;github.com/onsi/ginkgo/internal/leafnodes.(*runner).runSync(0xc000103a00)&#xA;&#x9;/home/think/.go/pkg/mod/github.com/onsi/ginkgo@v1.16.4/internal/leafnodes/runner.go:113 +0xba&#xA;github.com/onsi/ginkgo/internal/leafnodes.(*runner).run(0xc000040560)&#xA;&#x9;/home/think/.go/pkg/mod/github.com/onsi/ginkgo@v1.16.4/internal/leafnodes/runner.go:64 +0x125&#xA;github.com/onsi/ginkgo/internal/leafnodes.(*SetupNode).Run(0x38)&#xA;&#x9;/home/think/.go/pkg/mod/github.com/onsi/ginkgo@v1.16.4/internal/leafnodes/setup_nodes.go:15 +0x7b&#xA;github.com/onsi/ginkgo/internal/spec.(*Spec).runSample.func1()&#xA;&#x9;/home/think/.go/pkg/mod/github.com/onsi/ginkgo@v1.16.4/internal/spec/spec.go:180 +0x209&#xA;github.com/onsi/ginkgo/internal/spec.(*Spec).runSample(0xc000c8ab40, 0xc000ca7a00, {0x1eca980, 0xc000058940})&#xA;&#x9;/home/think/.go/pkg/mod/github.com/onsi/ginkgo@v1.16.4/internal/spec/spec.go:197 +0x703&#xA;github.com/onsi/ginkgo/internal/spec.(*Spec).Run(0xc000c8ab40, {0x1eca980, 0xc000058940})&#xA;&#x9;/home/think/.go/pkg/mod/github.com/onsi/ginkgo@v1.16.4/internal/spec/spec.go:138 +0xe7&#xA;github.com/onsi/ginkgo/internal/specrunner.(*SpecRunner).runSpec(0xc000520dc0, 0xc000c8ab40)&#xA;&#x9;/home/think/.go/pkg/mod/github.com/onsi/ginkgo@v1.16.4/internal/specrunner/spec_runner.go:200 +0xe5&#xA;github.com/onsi/ginkgo/internal/specrunner.(*SpecRunner).runSpecs(0xc000520dc0)&#xA;&#x9;/home/think/.go/pkg/mod/github.com/onsi/ginkgo@v1.16.4/internal/specrunner/spec_runner.go:170 +0x1a5&#xA;github.com/onsi/ginkgo/internal/specrunner.(*SpecRunner).Run(0xc000520dc0)&#xA;&#x9;/home/think/.go/pkg/mod/github.com/onsi/ginkgo@v1.16.4/internal/specrunner/spec_runner.go:66 +0xc5&#xA;github.com/onsi/ginkgo/internal/suite.(*Suite).Run(0xc0001809a0, {0x7f04a030d588, 0xc000103d40}, {0x1be677c, 0x1}, {0xc000528560, 0x2, 0x2}, {0x1f1b118, 0xc000058940}, ...)&#xA;&#x9;/home/think/.go/pkg/mod/github.com/onsi/ginkgo@v1.16.4/internal/suite/suite.go:79 +0x4d2&#xA;github.com/onsi/ginkgo.runSpecsWithCustomReporters({0x1eccfc0, 0xc000103d40}, {0x1be677c, 0x9}, {0xc000528540, 0x2, 0x1bffd61})&#xA;&#x9;/home/think/.go/pkg/mod/github.com/onsi/ginkgo@v1.16.4/ginkgo_dsl.go:238 +0x185&#xA;github.com/onsi/ginkgo.RunSpecsWithDefaultAndCustomReporters({0x1eccfc0, 0xc000103d40}, {0x1be677c, 0x9}, {0xc0004b1f50, 0x1, 0x1})&#xA;&#x9;/home/think/.go/pkg/mod/github.com/onsi/ginkgo@v1.16.4/ginkgo_dsl.go:221 +0x1be&#xA;command-line-arguments.Test(0x407eb9)&#xA;&#x9;/home/think/Workspace/csi-baremetal/tests/e2e/baremetal_e2e_test.go:63 +0x12c&#xA;testing.tRunner(0xc000103d40, 0x1cc3aa8)&#xA;&#x9;/usr/local/go/src/testing/testing.go:1259 +0x102&#xA;created by testing.(*T).Run&#xA;&#x9;/usr/local/go/src/testing/testing.go:1306 +0x35a&#xA;[AfterEach] [sig-storage] CSI Volumes&#xA;  /home/think/Workspace/csi-baremetal/tests/e2e/scenarios/setup.go:52&#xA;Mar 10 17:30:14.098: INFO: Skip timeout due to all tests suite&#xA;</system-out>
      </testcase>
      <testcase name="[sig-storage] CSI Volumes [Driver: csi-baremetal] [Testpattern: CSI Ephemeral-volume (default fs)] ephemeral should support two pods which share the same volume" classname="CSI Suite" time="0.0005882">
          <failure type="Failure">/home/think/.go/pkg/mod/k8s.io/kubernetes@v1.22.5/test/e2e/framework/framework.go:185&#xA;Unexpected error:&#xA;    &lt;clientcmd.errConfigurationInvalid | len:1, cap:1&gt;: [&#xA;        &lt;*clientcmd.errEmptyConfig | 0xc000512670&gt;{&#xA;            message: &#34;no configuration has been provided, try setting KUBERNETES_MASTER environment variable&#34;,&#xA;        },&#xA;    ]&#xA;    invalid configuration: no configuration has been provided, try setting KUBERNETES_MASTER environment variable&#xA;occurred&#xA;/home/think/.go/pkg/mod/k8s.io/kubernetes@v1.22.5/test/e2e/framework/framework.go:201</failure>
          <system-out>[BeforeEach] [Testpattern: CSI Ephemeral-volume (default fs)] ephemeral&#xA;  /home/think/.go/pkg/mod/k8s.io/kubernetes@v1.22.5/test/e2e/storage/framework/testsuite.go:51&#xA;[BeforeEach] [Testpattern: CSI Ephemeral-volume (default fs)] ephemeral&#xA;  /home/think/.go/pkg/mod/k8s.io/kubernetes@v1.22.5/test/e2e/framework/framework.go:185&#xA;�[1mSTEP�[0m: Creating a kubernetes client&#xA;Mar 10 17:30:14.098: INFO: &gt;&gt;&gt; kubeConfig: /home/think/.kube/config&#xA;[AfterEach] [Testpattern: CSI Ephemeral-volume (default fs)] ephemeral&#xA;  /home/think/.go/pkg/mod/k8s.io/kubernetes@v1.22.5/test/e2e/framework/framework.go:186&#xA;Mar 10 17:30:14.098: FAIL: The framework ClientSet must not be nil at this point&#xA;&#xA;Full Stack Trace&#xA;github.com/onsi/ginkgo/internal/leafnodes.(*runner).runSync(0xc000103a00)&#xA;&#x9;/home/think/.go/pkg/mod/github.com/onsi/ginkgo@v1.16.4/internal/leafnodes/runner.go:113 +0xba&#xA;github.com/onsi/ginkgo/internal/leafnodes.(*runner).run(0xc000040560)&#xA;&#x9;/home/think/.go/pkg/mod/github.com/onsi/ginkgo@v1.16.4/internal/leafnodes/runner.go:64 +0x125&#xA;github.com/onsi/ginkgo/internal/leafnodes.(*SetupNode).Run(0x11)&#xA;&#x9;/home/think/.go/pkg/mod/github.com/onsi/ginkgo@v1.16.4/internal/leafnodes/setup_nodes.go:15 +0x7b&#xA;github.com/onsi/ginkgo/internal/spec.(*Spec).runSample.func1()&#xA;&#x9;/home/think/.go/pkg/mod/github.com/onsi/ginkgo@v1.16.4/internal/spec/spec.go:180 +0x209&#xA;github.com/onsi/ginkgo/internal/spec.(*Spec).runSample(0xc00043e870, 0xc000ca7a00, {0x1eca980, 0xc000058940})&#xA;&#x9;/home/think/.go/pkg/mod/github.com/onsi/ginkgo@v1.16.4/internal/spec/spec.go:197 +0x703&#xA;github.com/onsi/ginkgo/internal/spec.(*Spec).Run(0xc00043e870, {0x1eca980, 0xc000058940})&#xA;&#x9;/home/think/.go/pkg/mod/github.com/onsi/ginkgo@v1.16.4/internal/spec/spec.go:138 +0xe7&#xA;github.com/onsi/ginkgo/internal/specrunner.(*SpecRunner).runSpec(0xc000520dc0, 0xc00043e870)&#xA;&#x9;/home/think/.go/pkg/mod/github.com/onsi/ginkgo@v1.16.4/internal/specrunner/spec_runner.go:200 +0xe5&#xA;github.com/onsi/ginkgo/internal/specrunner.(*SpecRunner).runSpecs(0xc000520dc0)&#xA;&#x9;/home/think/.go/pkg/mod/github.com/onsi/ginkgo@v1.16.4/internal/specrunner/spec_runner.go:170 +0x1a5&#xA;github.com/onsi/ginkgo/internal/specrunner.(*SpecRunner).Run(0xc000520dc0)&#xA;&#x9;/home/think/.go/pkg/mod/github.com/onsi/ginkgo@v1.16.4/internal/specrunner/spec_runner.go:66 +0xc5&#xA;github.com/onsi/ginkgo/internal/suite.(*Suite).Run(0xc0001809a0, {0x7f04a030d588, 0xc000103d40}, {0x1be677c, 0x1}, {0xc000528560, 0x2, 0x2}, {0x1f1b118, 0xc000058940}, ...)&#xA;&#x9;/home/think/.go/pkg/mod/github.com/onsi/ginkgo@v1.16.4/internal/suite/suite.go:79 +0x4d2&#xA;github.com/onsi/ginkgo.runSpecsWithCustomReporters({0x1eccfc0, 0xc000103d40}, {0x1be677c, 0x9}, {0xc000528540, 0x2, 0x1bffd61})&#xA;&#x9;/home/think/.go/pkg/mod/github.com/onsi/ginkgo@v1.16.4/ginkgo_dsl.go:238 +0x185&#xA;github.com/onsi/ginkgo.RunSpecsWithDefaultAndCustomReporters({0x1eccfc0, 0xc000103d40}, {0x1be677c, 0x9}, {0xc0004b1f50, 0x1, 0x1})&#xA;&#x9;/home/think/.go/pkg/mod/github.com/onsi/ginkgo@v1.16.4/ginkgo_dsl.go:221 +0x1be&#xA;command-line-arguments.Test(0x407eb9)&#xA;&#x9;/home/think/Workspace/csi-baremetal/tests/e2e/baremetal_e2e_test.go:63 +0x12c&#xA;testing.tRunner(0xc000103d40, 0x1cc3aa8)&#xA;&#x9;/usr/local/go/src/testing/testing.go:1259 +0x102&#xA;created by testing.(*T).Run&#xA;&#x9;/usr/local/go/src/testing/testing.go:1306 +0x35a&#xA;[AfterEach] [sig-storage] CSI Volumes&#xA;  /home/think/Workspace/csi-baremetal/tests/e2e/scenarios/setup.go:52&#xA;Mar 10 17:30:14.099: INFO: Skip timeout due to all tests suite&#xA;</system-out>
      </testcase>
      <testcase name="[sig-storage] CSI Volumes [Driver: csi-baremetal] [Testpattern: Pre-provisioned PV (block volmode)] volumeMode should fail to use a volume in a pod with mismatched mode [Slow]" classname="CSI Suite" time="0.0003481">
          <skipped>/home/think/.go/pkg/mod/k8s.io/kubernetes@v1.22.5/test/e2e/storage/framework/testsuite.go:51&#xA;Baremetal Driver does not have PreprovisionedPV test suite implemented yet -- skipping&#xA;/home/think/Workspace/csi-baremetal/tests/e2e/scenarios/bare-metal-testdriver.go:125</skipped>
      </testcase>
      <testcase name="[sig-storage] CSI Volumes [Driver: csi-baremetal] [Testpattern: Dynamic PV (ntfs)][Feature:Windows] provisioning should provision storage with pvc data source in parallel [Slow]" classname="CSI Suite" time="0.0002828">
          <skipped>/home/think/.go/pkg/mod/k8s.io/kubernetes@v1.22.5/test/e2e/storage/framework/testsuite.go:51&#xA;Driver csi-baremetal doesn&#39;t support ntfs -- skipping&#xA;/home/think/.go/pkg/mod/k8s.io/kubernetes@v1.22.5/test/e2e/storage/framework/testsuite.go:121</skipped>
      </testcase>
      <testcase name="[sig-storage] CSI Volumes [Driver: csi-baremetal] [Testpattern: Inline-volume (default fs)] volumes should allow exec of files on the volume" classname="CSI Suite" time="0.0003013">
          <skipped>/home/think/.go/pkg/mod/k8s.io/kubernetes@v1.22.5/test/e2e/storage/framework/testsuite.go:51&#xA;Driver csi-baremetal doesn&#39;t support InlineVolume -- skipping&#xA;/home/think/.go/pkg/mod/k8s.io/kubernetes@v1.22.5/test/e2e/storage/framework/testsuite.go:116</skipped>
      </testcase>
      <testcase name="[sig-storage] CSI Volumes [Driver: csi-baremetal] [Testpattern: Dynamic PV (ntfs)][Feature:Windows] volume-expand should not allow expansion of pvcs without AllowVolumeExpansion property" classname="CSI Suite" time="0.0003412">
          <skipped>/home/think/.go/pkg/mod/k8s.io/kubernetes@v1.22.5/test/e2e/storage/framework/testsuite.go:51&#xA;Driver csi-baremetal doesn&#39;t support ntfs -- skipping&#xA;/home/think/.go/pkg/mod/k8s.io/kubernetes@v1.22.5/test/e2e/storage/framework/testsuite.go:121</skipped>
      </testcase>
      <testcase name="[sig-storage] CSI Volumes [Driver: csi-baremetal] [Testpattern: Dynamic PV (ext4)] multiVolume [Slow] should access to two volumes with the same volume mode and retain data across pod recreation on different node" classname="CSI Suite" time="0.0005719">
          <failure type="Failure">/home/think/.go/pkg/mod/k8s.io/kubernetes@v1.22.5/test/e2e/framework/framework.go:185&#xA;Unexpected error:&#xA;    &lt;clientcmd.errConfigurationInvalid | len:1, cap:1&gt;: [&#xA;        &lt;*clientcmd.errEmptyConfig | 0xc000512670&gt;{&#xA;            message: &#34;no configuration has been provided, try setting KUBERNETES_MASTER environment variable&#34;,&#xA;        },&#xA;    ]&#xA;    invalid configuration: no configuration has been provided, try setting KUBERNETES_MASTER environment variable&#xA;occurred&#xA;/home/think/.go/pkg/mod/k8s.io/kubernetes@v1.22.5/test/e2e/framework/framework.go:201</failure>
          <system-out>[BeforeEach] [Testpattern: Dynamic PV (ext4)] multiVolume [Slow]&#xA;  /home/think/.go/pkg/mod/k8s.io/kubernetes@v1.22.5/test/e2e/storage/framework/testsuite.go:51&#xA;[BeforeEach] [Testpattern: Dynamic PV (ext4)] multiVolume [Slow]&#xA;  /home/think/.go/pkg/mod/k8s.io/kubernetes@v1.22.5/test/e2e/framework/framework.go:185&#xA;�[1mSTEP�[0m: Creating a kubernetes client&#xA;Mar 10 17:30:14.100: INFO: &gt;&gt;&gt; kubeConfig: /home/think/.kube/config&#xA;[AfterEach] [Testpattern: Dynamic PV (ext4)] multiVolume [Slow]&#xA;  /home/think/.go/pkg/mod/k8s.io/kubernetes@v1.22.5/test/e2e/framework/framework.go:186&#xA;Mar 10 17:30:14.100: FAIL: The framework ClientSet must not be nil at this point&#xA;&#xA;Full Stack Trace&#xA;github.com/onsi/ginkgo/internal/leafnodes.(*runner).runSync(0xc000103a00)&#xA;&#x9;/home/think/.go/pkg/mod/github.com/onsi/ginkgo@v1.16.4/internal/leafnodes/runner.go:113 +0xba&#xA;github.com/onsi/ginkgo/internal/leafnodes.(*runner).run(0xc000040560)&#xA;&#x9;/home/think/.go/pkg/mod/github.com/onsi/ginkgo@v1.16.4/internal/leafnodes/runner.go:64 +0x125&#xA;github.com/onsi/ginkgo/internal/leafnodes.(*SetupNode).Run(0x19)&#xA;&#x9;/home/think/.go/pkg/mod/github.com/onsi/ginkgo@v1.16.4/internal/leafnodes/setup_nodes.go:15 +0x7b&#xA;github.com/onsi/ginkgo/internal/spec.(*Spec).runSample.func1()&#xA;&#x9;/home/think/.go/pkg/mod/github.com/onsi/ginkgo@v1.16.4/internal/spec/spec.go:180 +0x209&#xA;github.com/onsi/ginkgo/internal/spec.(*Spec).runSample(0xc000c8a000, 0xc000ca7a00, {0x1eca980, 0xc000058940})&#xA;&#x9;/home/think/.go/pkg/mod/github.com/onsi/ginkgo@v1.16.4/internal/spec/spec.go:197 +0x703&#xA;github.com/onsi/ginkgo/internal/spec.(*Spec).Run(0xc000c8a000, {0x1eca980, 0xc000058940})&#xA;&#x9;/home/think/.go/pkg/mod/github.com/onsi/ginkgo@v1.16.4/internal/spec/spec.go:138 +0xe7&#xA;github.com/onsi/ginkgo/internal/specrunner.(*SpecRunner).runSpec(0xc000520dc0, 0xc000c8a000)&#xA;&#x9;/home/think/.go/pkg/mod/github.com/onsi/ginkgo@v1.16.4/internal/specrunner/spec_runner.go:200 +0xe5&#xA;github.com/onsi/ginkgo/internal/specrunner.(*SpecRunner).runSpecs(0xc000520dc0)&#xA;&#x9;/home/think/.go/pkg/mod/github.com/onsi/ginkgo@v1.16.4/internal/specrunner/spec_runner.go:170 +0x1a5&#xA;github.com/onsi/ginkgo/internal/specrunner.(*SpecRunner).Run(0xc000520dc0)&#xA;&#x9;/home/think/.go/pkg/mod/github.com/onsi/ginkgo@v1.16.4/internal/specrunner/spec_runner.go:66 +0xc5&#xA;github.com/onsi/ginkgo/internal/suite.(*Suite).Run(0xc0001809a0, {0x7f04a030d588, 0xc000103d40}, {0x1be677c, 0x1}, {0xc000528560, 0x2, 0x2}, {0x1f1b118, 0xc000058940}, ...)&#xA;&#x9;/home/think/.go/pkg/mod/github.com/onsi/ginkgo@v1.16.4/internal/suite/suite.go:79 +0x4d2&#xA;github.com/onsi/ginkgo.runSpecsWithCustomReporters({0x1eccfc0, 0xc000103d40}, {0x1be677c, 0x9}, {0xc000528540, 0x2, 0x1bffd61})&#xA;&#x9;/home/think/.go/pkg/mod/github.com/onsi/ginkgo@v1.16.4/ginkgo_dsl.go:238 +0x185&#xA;github.com/onsi/ginkgo.RunSpecsWithDefaultAndCustomReporters({0x1eccfc0, 0xc000103d40}, {0x1be677c, 0x9}, {0xc0004b1f50, 0x1, 0x1})&#xA;&#x9;/home/think/.go/pkg/mod/github.com/onsi/ginkgo@v1.16.4/ginkgo_dsl.go:221 +0x1be&#xA;command-line-arguments.Test(0x407eb9)&#xA;&#x9;/home/think/Workspace/csi-baremetal/tests/e2e/baremetal_e2e_test.go:63 +0x12c&#xA;testing.tRunner(0xc000103d40, 0x1cc3aa8)&#xA;&#x9;/usr/local/go/src/testing/testing.go:1259 +0x102&#xA;created by testing.(*T).Run&#xA;&#x9;/usr/local/go/src/testing/testing.go:1306 +0x35a&#xA;[AfterEach] [sig-storage] CSI Volumes&#xA;  /home/think/Workspace/csi-baremetal/tests/e2e/scenarios/setup.go:52&#xA;Mar 10 17:30:14.101: INFO: Skip timeout due to all tests suite&#xA;</system-out>
      </testcase>
      <testcase name="[sig-storage] CSI Volumes [Driver: csi-baremetal] Baremetal-csi driver different SCs tests should create Pod with raw block volume HDD" classname="CSI Suite" time="0.0005419">
          <failure type="Failure">/home/think/.go/pkg/mod/k8s.io/kubernetes@v1.22.5/test/e2e/framework/framework.go:185&#xA;Unexpected error:&#xA;    &lt;clientcmd.errConfigurationInvalid | len:1, cap:1&gt;: [&#xA;        &lt;*clientcmd.errEmptyConfig | 0xc000512670&gt;{&#xA;            message: &#34;no configuration has been provided, try setting KUBERNETES_MASTER environment variable&#34;,&#xA;        },&#xA;    ]&#xA;    invalid configuration: no configuration has been provided, try setting KUBERNETES_MASTER environment variable&#xA;occurred&#xA;/home/think/.go/pkg/mod/k8s.io/kubernetes@v1.22.5/test/e2e/framework/framework.go:201</failure>
          <system-out>[BeforeEach] Baremetal-csi driver different SCs tests&#xA;  /home/think/Workspace/csi-baremetal/tests/e2e/scenarios/different-sc-test.go:60&#xA;[BeforeEach] Baremetal-csi driver different SCs tests&#xA;  /home/think/.go/pkg/mod/k8s.io/kubernetes@v1.22.5/test/e2e/framework/framework.go:185&#xA;�[1mSTEP�[0m: Creating a kubernetes client&#xA;Mar 10 17:30:14.101: INFO: &gt;&gt;&gt; kubeConfig: /home/think/.kube/config&#xA;[AfterEach] Baremetal-csi driver different SCs tests&#xA;  /home/think/.go/pkg/mod/k8s.io/kubernetes@v1.22.5/test/e2e/framework/framework.go:186&#xA;Mar 10 17:30:14.101: FAIL: The framework ClientSet must not be nil at this point&#xA;&#xA;Full Stack Trace&#xA;github.com/onsi/ginkgo/internal/leafnodes.(*runner).runSync(0xc000103a00)&#xA;&#x9;/home/think/.go/pkg/mod/github.com/onsi/ginkgo@v1.16.4/internal/leafnodes/runner.go:113 +0xba&#xA;github.com/onsi/ginkgo/internal/leafnodes.(*runner).run(0xc000040560)&#xA;&#x9;/home/think/.go/pkg/mod/github.com/onsi/ginkgo@v1.16.4/internal/leafnodes/runner.go:64 +0x125&#xA;github.com/onsi/ginkgo/internal/leafnodes.(*SetupNode).Run(0x38)&#xA;&#x9;/home/think/.go/pkg/mod/github.com/onsi/ginkgo@v1.16.4/internal/leafnodes/setup_nodes.go:15 +0x7b&#xA;github.com/onsi/ginkgo/internal/spec.(*Spec).runSample.func1()&#xA;&#x9;/home/think/.go/pkg/mod/github.com/onsi/ginkgo@v1.16.4/internal/spec/spec.go:180 +0x209&#xA;github.com/onsi/ginkgo/internal/spec.(*Spec).runSample(0xc000c8c960, 0xc000ca7a00, {0x1eca980, 0xc000058940})&#xA;&#x9;/home/think/.go/pkg/mod/github.com/onsi/ginkgo@v1.16.4/internal/spec/spec.go:197 +0x703&#xA;github.com/onsi/ginkgo/internal/spec.(*Spec).Run(0xc000c8c960, {0x1eca980, 0xc000058940})&#xA;&#x9;/home/think/.go/pkg/mod/github.com/onsi/ginkgo@v1.16.4/internal/spec/spec.go:138 +0xe7&#xA;github.com/onsi/ginkgo/internal/specrunner.(*SpecRunner).runSpec(0xc000520dc0, 0xc000c8c960)&#xA;&#x9;/home/think/.go/pkg/mod/github.com/onsi/ginkgo@v1.16.4/internal/specrunner/spec_runner.go:200 +0xe5&#xA;github.com/onsi/ginkgo/internal/specrunner.(*SpecRunner).runSpecs(0xc000520dc0)&#xA;&#x9;/home/think/.go/pkg/mod/github.com/onsi/ginkgo@v1.16.4/internal/specrunner/spec_runner.go:170 +0x1a5&#xA;github.com/onsi/ginkgo/internal/specrunner.(*SpecRunner).Run(0xc000520dc0)&#xA;&#x9;/home/think/.go/pkg/mod/github.com/onsi/ginkgo@v1.16.4/internal/specrunner/spec_runner.go:66 +0xc5&#xA;github.com/onsi/ginkgo/internal/suite.(*Suite).Run(0xc0001809a0, {0x7f04a030d588, 0xc000103d40}, {0x1be677c, 0x1}, {0xc000528560, 0x2, 0x2}, {0x1f1b118, 0xc000058940}, ...)&#xA;&#x9;/home/think/.go/pkg/mod/github.com/onsi/ginkgo@v1.16.4/internal/suite/suite.go:79 +0x4d2&#xA;github.com/onsi/ginkgo.runSpecsWithCustomReporters({0x1eccfc0, 0xc000103d40}, {0x1be677c, 0x9}, {0xc000528540, 0x2, 0x1bffd61})&#xA;&#x9;/home/think/.go/pkg/mod/github.com/onsi/ginkgo@v1.16.4/ginkgo_dsl.go:238 +0x185&#xA;github.com/onsi/ginkgo.RunSpecsWithDefaultAndCustomReporters({0x1eccfc0, 0xc000103d40}, {0x1be677c, 0x9}, {0xc0004b1f50, 0x1, 0x1})&#xA;&#x9;/home/think/.go/pkg/mod/github.com/onsi/ginkgo@v1.16.4/ginkgo_dsl.go:221 +0x1be&#xA;command-line-arguments.Test(0x407eb9)&#xA;&#x9;/home/think/Workspace/csi-baremetal/tests/e2e/baremetal_e2e_test.go:63 +0x12c&#xA;testing.tRunner(0xc000103d40, 0x1cc3aa8)&#xA;&#x9;/usr/local/go/src/testing/testing.go:1259 +0x102&#xA;created by testing.(*T).Run&#xA;&#x9;/usr/local/go/src/testing/testing.go:1306 +0x35a&#xA;[AfterEach] [sig-storage] CSI Volumes&#xA;  /home/think/Workspace/csi-baremetal/tests/e2e/scenarios/setup.go:52&#xA;Mar 10 17:30:14.101: INFO: Skip timeout due to all tests suite&#xA;</system-out>
      </testcase>
      <testcase name="[sig-storage] CSI Volumes [Driver: csi-baremetal] [Testpattern: Pre-provisioned PV (filesystem volmode)] multiVolume [Slow] should access to two volumes with different volume mode and retain data across pod recreation on the same node" classname="CSI Suite" time="0.0002954">
          <skipped>/home/think/.go/pkg/mod/k8s.io/kubernetes@v1.22.5/test/e2e/storage/framework/testsuite.go:51&#xA;Baremetal Driver does not have PreprovisionedPV test suite implemented yet -- skipping&#xA;/home/think/Workspace/csi-baremetal/tests/e2e/scenarios/bare-metal-testdriver.go:125</skipped>
      </testcase>
      <testcase name="[sig-storage] CSI Volumes [Driver: csi-baremetal] [Testpattern: Dynamic PV (block volmode)] multiVolume [Slow] should access to two volumes with the same volume mode and retain data across pod recreation on the same node" classname="CSI Suite" time="0.0005597">
          <failure type="Failure">/home/think/.go/pkg/mod/k8s.io/kubernetes@v1.22.5/test/e2e/framework/framework.go:185&#xA;Unexpected error:&#xA;    &lt;clientcmd.errConfigurationInvalid | len:1, cap:1&gt;: [&#xA;        &lt;*clientcmd.errEmptyConfig | 0xc000512670&gt;{&#xA;            message: &#34;no configuration has been provided, try setting KUBERNETES_MASTER environment variable&#34;,&#xA;        },&#xA;    ]&#xA;    invalid configuration: no configuration has been provided, try setting KUBERNETES_MASTER environment variable&#xA;occurred&#xA;/home/think/.go/pkg/mod/k8s.io/kubernetes@v1.22.5/test/e2e/framework/framework.go:201</failure>
          <system-out>[BeforeEach] [Testpattern: Dynamic PV (block volmode)] multiVolume [Slow]&#xA;  /home/think/.go/pkg/mod/k8s.io/kubernetes@v1.22.5/test/e2e/storage/framework/testsuite.go:51&#xA;[BeforeEach] [Testpattern: Dynamic PV (block volmode)] multiVolume [Slow]&#xA;  /home/think/.go/pkg/mod/k8s.io/kubernetes@v1.22.5/test/e2e/framework/framework.go:185&#xA;�[1mSTEP�[0m: Creating a kubernetes client&#xA;Mar 10 17:30:14.102: INFO: &gt;&gt;&gt; kubeConfig: /home/think/.kube/config&#xA;[AfterEach] [Testpattern: Dynamic PV (block volmode)] multiVolume [Slow]&#xA;  /home/think/.go/pkg/mod/k8s.io/kubernetes@v1.22.5/test/e2e/framework/framework.go:186&#xA;Mar 10 17:30:14.102: FAIL: The framework ClientSet must not be nil at this point&#xA;&#xA;Full Stack Trace&#xA;github.com/onsi/ginkgo/internal/leafnodes.(*runner).runSync(0xc000103a00)&#xA;&#x9;/home/think/.go/pkg/mod/github.com/onsi/ginkgo@v1.16.4/internal/leafnodes/runner.go:113 +0xba&#xA;github.com/onsi/ginkgo/internal/leafnodes.(*runner).run(0xc000040560)&#xA;&#x9;/home/think/.go/pkg/mod/github.com/onsi/ginkgo@v1.16.4/internal/leafnodes/runner.go:64 +0x125&#xA;github.com/onsi/ginkgo/internal/leafnodes.(*SetupNode).Run(0x38)&#xA;&#x9;/home/think/.go/pkg/mod/github.com/onsi/ginkgo@v1.16.4/internal/leafnodes/setup_nodes.go:15 +0x7b&#xA;github.com/onsi/ginkgo/internal/spec.(*Spec).runSample.func1()&#xA;&#x9;/home/think/.go/pkg/mod/github.com/onsi/ginkgo@v1.16.4/internal/spec/spec.go:180 +0x209&#xA;github.com/onsi/ginkgo/internal/spec.(*Spec).runSample(0xc000c89680, 0xc000ca7a00, {0x1eca980, 0xc000058940})&#xA;&#x9;/home/think/.go/pkg/mod/github.com/onsi/ginkgo@v1.16.4/internal/spec/spec.go:197 +0x703&#xA;github.com/onsi/ginkgo/internal/spec.(*Spec).Run(0xc000c89680, {0x1eca980, 0xc000058940})&#xA;&#x9;/home/think/.go/pkg/mod/github.com/onsi/ginkgo@v1.16.4/internal/spec/spec.go:138 +0xe7&#xA;github.com/onsi/ginkgo/internal/specrunner.(*SpecRunner).runSpec(0xc000520dc0, 0xc000c89680)&#xA;&#x9;/home/think/.go/pkg/mod/github.com/onsi/ginkgo@v1.16.4/internal/specrunner/spec_runner.go:200 +0xe5&#xA;github.com/onsi/ginkgo/internal/specrunner.(*SpecRunner).runSpecs(0xc000520dc0)&#xA;&#x9;/home/think/.go/pkg/mod/github.com/onsi/ginkgo@v1.16.4/internal/specrunner/spec_runner.go:170 +0x1a5&#xA;github.com/onsi/ginkgo/internal/specrunner.(*SpecRunner).Run(0xc000520dc0)&#xA;&#x9;/home/think/.go/pkg/mod/github.com/onsi/ginkgo@v1.16.4/internal/specrunner/spec_runner.go:66 +0xc5&#xA;github.com/onsi/ginkgo/internal/suite.(*Suite).Run(0xc0001809a0, {0x7f04a030d588, 0xc000103d40}, {0x1be677c, 0x1}, {0xc000528560, 0x2, 0x2}, {0x1f1b118, 0xc000058940}, ...)&#xA;&#x9;/home/think/.go/pkg/mod/github.com/onsi/ginkgo@v1.16.4/internal/suite/suite.go:79 +0x4d2&#xA;github.com/onsi/ginkgo.runSpecsWithCustomReporters({0x1eccfc0, 0xc000103d40}, {0x1be677c, 0x9}, {0xc000528540, 0x2, 0x1bffd61})&#xA;&#x9;/home/think/.go/pkg/mod/github.com/onsi/ginkgo@v1.16.4/ginkgo_dsl.go:238 +0x185&#xA;github.com/onsi/ginkgo.RunSpecsWithDefaultAndCustomReporters({0x1eccfc0, 0xc000103d40}, {0x1be677c, 0x9}, {0xc0004b1f50, 0x1, 0x1})&#xA;&#x9;/home/think/.go/pkg/mod/github.com/onsi/ginkgo@v1.16.4/ginkgo_dsl.go:221 +0x1be&#xA;command-line-arguments.Test(0x407eb9)&#xA;&#x9;/home/think/Workspace/csi-baremetal/tests/e2e/baremetal_e2e_test.go:63 +0x12c&#xA;testing.tRunner(0xc000103d40, 0x1cc3aa8)&#xA;&#x9;/usr/local/go/src/testing/testing.go:1259 +0x102&#xA;created by testing.(*T).Run&#xA;&#x9;/usr/local/go/src/testing/testing.go:1306 +0x35a&#xA;[AfterEach] [sig-storage] CSI Volumes&#xA;  /home/think/Workspace/csi-baremetal/tests/e2e/scenarios/setup.go:52&#xA;Mar 10 17:30:14.102: INFO: Skip timeout due to all tests suite&#xA;</system-out>
      </testcase>
      <testcase name="[sig-storage] CSI Volumes [Driver: csi-baremetal] [Testpattern: Dynamic PV (xfs)][Slow] volumes should store data" classname="CSI Suite" time="0.0005444">
          <failure type="Failure">/home/think/.go/pkg/mod/k8s.io/kubernetes@v1.22.5/test/e2e/framework/framework.go:185&#xA;Unexpected error:&#xA;    &lt;clientcmd.errConfigurationInvalid | len:1, cap:1&gt;: [&#xA;        &lt;*clientcmd.errEmptyConfig | 0xc000512670&gt;{&#xA;            message: &#34;no configuration has been provided, try setting KUBERNETES_MASTER environment variable&#34;,&#xA;        },&#xA;    ]&#xA;    invalid configuration: no configuration has been provided, try setting KUBERNETES_MASTER environment variable&#xA;occurred&#xA;/home/think/.go/pkg/mod/k8s.io/kubernetes@v1.22.5/test/e2e/framework/framework.go:201</failure>
          <system-out>[BeforeEach] [Testpattern: Dynamic PV (xfs)][Slow] volumes&#xA;  /home/think/.go/pkg/mod/k8s.io/kubernetes@v1.22.5/test/e2e/storage/framework/testsuite.go:51&#xA;[BeforeEach] [Testpattern: Dynamic PV (xfs)][Slow] volumes&#xA;  /home/think/.go/pkg/mod/k8s.io/kubernetes@v1.22.5/test/e2e/framework/framework.go:185&#xA;�[1mSTEP�[0m: Creating a kubernetes client&#xA;Mar 10 17:30:14.102: INFO: &gt;&gt;&gt; kubeConfig: /home/think/.kube/config&#xA;[AfterEach] [Testpattern: Dynamic PV (xfs)][Slow] volumes&#xA;  /home/think/.go/pkg/mod/k8s.io/kubernetes@v1.22.5/test/e2e/framework/framework.go:186&#xA;Mar 10 17:30:14.102: FAIL: The framework ClientSet must not be nil at this point&#xA;&#xA;Full Stack Trace&#xA;github.com/onsi/ginkgo/internal/leafnodes.(*runner).runSync(0xc000103a00)&#xA;&#x9;/home/think/.go/pkg/mod/github.com/onsi/ginkgo@v1.16.4/internal/leafnodes/runner.go:113 +0xba&#xA;github.com/onsi/ginkgo/internal/leafnodes.(*runner).run(0xc000040560)&#xA;&#x9;/home/think/.go/pkg/mod/github.com/onsi/ginkgo@v1.16.4/internal/leafnodes/runner.go:64 +0x125&#xA;github.com/onsi/ginkgo/internal/leafnodes.(*SetupNode).Run(0x38)&#xA;&#x9;/home/think/.go/pkg/mod/github.com/onsi/ginkgo@v1.16.4/internal/leafnodes/setup_nodes.go:15 +0x7b&#xA;github.com/onsi/ginkgo/internal/spec.(*Spec).runSample.func1()&#xA;&#x9;/home/think/.go/pkg/mod/github.com/onsi/ginkgo@v1.16.4/internal/spec/spec.go:180 +0x209&#xA;github.com/onsi/ginkgo/internal/spec.(*Spec).runSample(0xc0006cb950, 0xc000ca7a00, {0x1eca980, 0xc000058940})&#xA;&#x9;/home/think/.go/pkg/mod/github.com/onsi/ginkgo@v1.16.4/internal/spec/spec.go:197 +0x703&#xA;github.com/onsi/ginkgo/internal/spec.(*Spec).Run(0xc0006cb950, {0x1eca980, 0xc000058940})&#xA;&#x9;/home/think/.go/pkg/mod/github.com/onsi/ginkgo@v1.16.4/internal/spec/spec.go:138 +0xe7&#xA;github.com/onsi/ginkgo/internal/specrunner.(*SpecRunner).runSpec(0xc000520dc0, 0xc0006cb950)&#xA;&#x9;/home/think/.go/pkg/mod/github.com/onsi/ginkgo@v1.16.4/internal/specrunner/spec_runner.go:200 +0xe5&#xA;github.com/onsi/ginkgo/internal/specrunner.(*SpecRunner).runSpecs(0xc000520dc0)&#xA;&#x9;/home/think/.go/pkg/mod/github.com/onsi/ginkgo@v1.16.4/internal/specrunner/spec_runner.go:170 +0x1a5&#xA;github.com/onsi/ginkgo/internal/specrunner.(*SpecRunner).Run(0xc000520dc0)&#xA;&#x9;/home/think/.go/pkg/mod/github.com/onsi/ginkgo@v1.16.4/internal/specrunner/spec_runner.go:66 +0xc5&#xA;github.com/onsi/ginkgo/internal/suite.(*Suite).Run(0xc0001809a0, {0x7f04a030d588, 0xc000103d40}, {0x1be677c, 0x1}, {0xc000528560, 0x2, 0x2}, {0x1f1b118, 0xc000058940}, ...)&#xA;&#x9;/home/think/.go/pkg/mod/github.com/onsi/ginkgo@v1.16.4/internal/suite/suite.go:79 +0x4d2&#xA;github.com/onsi/ginkgo.runSpecsWithCustomReporters({0x1eccfc0, 0xc000103d40}, {0x1be677c, 0x9}, {0xc000528540, 0x2, 0x1bffd61})&#xA;&#x9;/home/think/.go/pkg/mod/github.com/onsi/ginkgo@v1.16.4/ginkgo_dsl.go:238 +0x185&#xA;github.com/onsi/ginkgo.RunSpecsWithDefaultAndCustomReporters({0x1eccfc0, 0xc000103d40}, {0x1be677c, 0x9}, {0xc0004b1f50, 0x1, 0x1})&#xA;&#x9;/home/think/.go/pkg/mod/github.com/onsi/ginkgo@v1.16.4/ginkgo_dsl.go:221 +0x1be&#xA;command-line-arguments.Test(0x407eb9)&#xA;&#x9;/home/think/Workspace/csi-baremetal/tests/e2e/baremetal_e2e_test.go:63 +0x12c&#xA;testing.tRunner(0xc000103d40, 0x1cc3aa8)&#xA;&#x9;/usr/local/go/src/testing/testing.go:1259 +0x102&#xA;created by testing.(*T).Run&#xA;&#x9;/usr/local/go/src/testing/testing.go:1306 +0x35a&#xA;[AfterEach] [sig-storage] CSI Volumes&#xA;  /home/think/Workspace/csi-baremetal/tests/e2e/scenarios/setup.go:52&#xA;Mar 10 17:30:14.103: INFO: Skip timeout due to all tests suite&#xA;</system-out>
      </testcase>
      <testcase name="[sig-storage] CSI Volumes [Driver: csi-baremetal] [Testpattern: Pre-provisioned PV (filesystem volmode)] multiVolume [Slow] should access to two volumes with different volume mode and retain data across pod recreation on different node" classname="CSI Suite" time="0.0002926">
          <skipped>/home/think/.go/pkg/mod/k8s.io/kubernetes@v1.22.5/test/e2e/storage/framework/testsuite.go:51&#xA;Baremetal Driver does not have PreprovisionedPV test suite implemented yet -- skipping&#xA;/home/think/Workspace/csi-baremetal/tests/e2e/scenarios/bare-metal-testdriver.go:125</skipped>
      </testcase>
      <testcase name="[sig-storage] CSI Volumes [Driver: csi-baremetal] [Testpattern: Pre-provisioned PV (filesystem volmode)] multiVolume [Slow] should concurrently access the single volume from pods on the same node" classname="CSI Suite" time="0.0003007">
          <skipped>/home/think/.go/pkg/mod/k8s.io/kubernetes@v1.22.5/test/e2e/storage/framework/testsuite.go:51&#xA;Baremetal Driver does not have PreprovisionedPV test suite implemented yet -- skipping&#xA;/home/think/Workspace/csi-baremetal/tests/e2e/scenarios/bare-metal-testdriver.go:125</skipped>
      </testcase>
      <testcase name="[sig-storage] CSI Volumes [Driver: csi-baremetal] [Testpattern: Pre-provisioned PV (block volmode)] multiVolume [Slow] should concurrently access the volume and restored snapshot from pods on the same node [LinuxOnly][Feature:VolumeSnapshotDataSource][Feature:VolumeSourceXFS]" classname="CSI Suite" time="0.0002802">
          <skipped>/home/think/.go/pkg/mod/k8s.io/kubernetes@v1.22.5/test/e2e/storage/framework/testsuite.go:51&#xA;Baremetal Driver does not have PreprovisionedPV test suite implemented yet -- skipping&#xA;/home/think/Workspace/csi-baremetal/tests/e2e/scenarios/bare-metal-testdriver.go:125</skipped>
      </testcase>
      <testcase name="[sig-storage] CSI Volumes [Driver: csi-baremetal] [Testpattern: CSI Ephemeral-volume (default fs)] ephemeral should support multiple inline ephemeral volumes" classname="CSI Suite" time="0.0005159">
          <failure type="Failure">/home/think/.go/pkg/mod/k8s.io/kubernetes@v1.22.5/test/e2e/framework/framework.go:185&#xA;Unexpected error:&#xA;    &lt;clientcmd.errConfigurationInvalid | len:1, cap:1&gt;: [&#xA;        &lt;*clientcmd.errEmptyConfig | 0xc000512670&gt;{&#xA;            message: &#34;no configuration has been provided, try setting KUBERNETES_MASTER environment variable&#34;,&#xA;        },&#xA;    ]&#xA;    invalid configuration: no configuration has been provided, try setting KUBERNETES_MASTER environment variable&#xA;occurred&#xA;/home/think/.go/pkg/mod/k8s.io/kubernetes@v1.22.5/test/e2e/framework/framework.go:201</failure>
          <system-out>[BeforeEach] [Testpattern: CSI Ephemeral-volume (default fs)] ephemeral&#xA;  /home/think/.go/pkg/mod/k8s.io/kubernetes@v1.22.5/test/e2e/storage/framework/testsuite.go:51&#xA;[BeforeEach] [Testpattern: CSI Ephemeral-volume (default fs)] ephemeral&#xA;  /home/think/.go/pkg/mod/k8s.io/kubernetes@v1.22.5/test/e2e/framework/framework.go:185&#xA;�[1mSTEP�[0m: Creating a kubernetes client&#xA;Mar 10 17:30:14.104: INFO: &gt;&gt;&gt; kubeConfig: /home/think/.kube/config&#xA;[AfterEach] [Testpattern: CSI Ephemeral-volume (default fs)] ephemeral&#xA;  /home/think/.go/pkg/mod/k8s.io/kubernetes@v1.22.5/test/e2e/framework/framework.go:186&#xA;Mar 10 17:30:14.104: FAIL: The framework ClientSet must not be nil at this point&#xA;&#xA;Full Stack Trace&#xA;github.com/onsi/ginkgo/internal/leafnodes.(*runner).runSync(0xc000103a00)&#xA;&#x9;/home/think/.go/pkg/mod/github.com/onsi/ginkgo@v1.16.4/internal/leafnodes/runner.go:113 +0xba&#xA;github.com/onsi/ginkgo/internal/leafnodes.(*runner).run(0xc000040560)&#xA;&#x9;/home/think/.go/pkg/mod/github.com/onsi/ginkgo@v1.16.4/internal/leafnodes/runner.go:64 +0x125&#xA;github.com/onsi/ginkgo/internal/leafnodes.(*SetupNode).Run(0x38)&#xA;&#x9;/home/think/.go/pkg/mod/github.com/onsi/ginkgo@v1.16.4/internal/leafnodes/setup_nodes.go:15 +0x7b&#xA;github.com/onsi/ginkgo/internal/spec.(*Spec).runSample.func1()&#xA;&#x9;/home/think/.go/pkg/mod/github.com/onsi/ginkgo@v1.16.4/internal/spec/spec.go:180 +0x209&#xA;github.com/onsi/ginkgo/internal/spec.(*Spec).runSample(0xc00043e960, 0xc000ca7a00, {0x1eca980, 0xc000058940})&#xA;&#x9;/home/think/.go/pkg/mod/github.com/onsi/ginkgo@v1.16.4/internal/spec/spec.go:197 +0x703&#xA;github.com/onsi/ginkgo/internal/spec.(*Spec).Run(0xc00043e960, {0x1eca980, 0xc000058940})&#xA;&#x9;/home/think/.go/pkg/mod/github.com/onsi/ginkgo@v1.16.4/internal/spec/spec.go:138 +0xe7&#xA;github.com/onsi/ginkgo/internal/specrunner.(*SpecRunner).runSpec(0xc000520dc0, 0xc00043e960)&#xA;&#x9;/home/think/.go/pkg/mod/github.com/onsi/ginkgo@v1.16.4/internal/specrunner/spec_runner.go:200 +0xe5&#xA;github.com/onsi/ginkgo/internal/specrunner.(*SpecRunner).runSpecs(0xc000520dc0)&#xA;&#x9;/home/think/.go/pkg/mod/github.com/onsi/ginkgo@v1.16.4/internal/specrunner/spec_runner.go:170 +0x1a5&#xA;github.com/onsi/ginkgo/internal/specrunner.(*SpecRunner).Run(0xc000520dc0)&#xA;&#x9;/home/think/.go/pkg/mod/github.com/onsi/ginkgo@v1.16.4/internal/specrunner/spec_runner.go:66 +0xc5&#xA;github.com/onsi/ginkgo/internal/suite.(*Suite).Run(0xc0001809a0, {0x7f04a030d588, 0xc000103d40}, {0x1be677c, 0x1}, {0xc000528560, 0x2, 0x2}, {0x1f1b118, 0xc000058940}, ...)&#xA;&#x9;/home/think/.go/pkg/mod/github.com/onsi/ginkgo@v1.16.4/internal/suite/suite.go:79 +0x4d2&#xA;github.com/onsi/ginkgo.runSpecsWithCustomReporters({0x1eccfc0, 0xc000103d40}, {0x1be677c, 0x9}, {0xc000528540, 0x2, 0x1bffd61})&#xA;&#x9;/home/think/.go/pkg/mod/github.com/onsi/ginkgo@v1.16.4/ginkgo_dsl.go:238 +0x185&#xA;github.com/onsi/ginkgo.RunSpecsWithDefaultAndCustomReporters({0x1eccfc0, 0xc000103d40}, {0x1be677c, 0x9}, {0xc0004b1f50, 0x1, 0x1})&#xA;&#x9;/home/think/.go/pkg/mod/github.com/onsi/ginkgo@v1.16.4/ginkgo_dsl.go:221 +0x1be&#xA;command-line-arguments.Test(0x407eb9)&#xA;&#x9;/home/think/Workspace/csi-baremetal/tests/e2e/baremetal_e2e_test.go:63 +0x12c&#xA;testing.tRunner(0xc000103d40, 0x1cc3aa8)&#xA;&#x9;/usr/local/go/src/testing/testing.go:1259 +0x102&#xA;created by testing.(*T).Run&#xA;&#x9;/usr/local/go/src/testing/testing.go:1306 +0x35a&#xA;[AfterEach] [sig-storage] CSI Volumes&#xA;  /home/think/Workspace/csi-baremetal/tests/e2e/scenarios/setup.go:52&#xA;Mar 10 17:30:14.104: INFO: Skip timeout due to all tests suite&#xA;</system-out>
      </testcase>
      <testcase name="[sig-storage] CSI Volumes [Driver: csi-baremetal] [Testpattern: Dynamic PV (xfs)][Slow] multiVolume [Slow] should concurrently access the volume and its clone from pods on the same node [LinuxOnly][Feature:VolumeSnapshotDataSource][Feature:VolumeSourceXFS]" classname="CSI Suite" time="0.0005409">
          <failure type="Failure">/home/think/.go/pkg/mod/k8s.io/kubernetes@v1.22.5/test/e2e/framework/framework.go:185&#xA;Unexpected error:&#xA;    &lt;clientcmd.errConfigurationInvalid | len:1, cap:1&gt;: [&#xA;        &lt;*clientcmd.errEmptyConfig | 0xc000512670&gt;{&#xA;            message: &#34;no configuration has been provided, try setting KUBERNETES_MASTER environment variable&#34;,&#xA;        },&#xA;    ]&#xA;    invalid configuration: no configuration has been provided, try setting KUBERNETES_MASTER environment variable&#xA;occurred&#xA;/home/think/.go/pkg/mod/k8s.io/kubernetes@v1.22.5/test/e2e/framework/framework.go:201</failure>
          <system-out>[BeforeEach] [Testpattern: Dynamic PV (xfs)][Slow] multiVolume [Slow]&#xA;  /home/think/.go/pkg/mod/k8s.io/kubernetes@v1.22.5/test/e2e/storage/framework/testsuite.go:51&#xA;[BeforeEach] [Testpattern: Dynamic PV (xfs)][Slow] multiVolume [Slow]&#xA;  /home/think/.go/pkg/mod/k8s.io/kubernetes@v1.22.5/test/e2e/framework/framework.go:185&#xA;�[1mSTEP�[0m: Creating a kubernetes client&#xA;Mar 10 17:30:14.104: INFO: &gt;&gt;&gt; kubeConfig: /home/think/.kube/config&#xA;[AfterEach] [Testpattern: Dynamic PV (xfs)][Slow] multiVolume [Slow]&#xA;  /home/think/.go/pkg/mod/k8s.io/kubernetes@v1.22.5/test/e2e/framework/framework.go:186&#xA;Mar 10 17:30:14.105: FAIL: The framework ClientSet must not be nil at this point&#xA;&#xA;Full Stack Trace&#xA;github.com/onsi/ginkgo/internal/leafnodes.(*runner).runSync(0xc000103a00)&#xA;&#x9;/home/think/.go/pkg/mod/github.com/onsi/ginkgo@v1.16.4/internal/leafnodes/runner.go:113 +0xba&#xA;github.com/onsi/ginkgo/internal/leafnodes.(*runner).run(0xc000040560)&#xA;&#x9;/home/think/.go/pkg/mod/github.com/onsi/ginkgo@v1.16.4/internal/leafnodes/runner.go:64 +0x125&#xA;github.com/onsi/ginkgo/internal/leafnodes.(*SetupNode).Run(0x38)&#xA;&#x9;/home/think/.go/pkg/mod/github.com/onsi/ginkgo@v1.16.4/internal/leafnodes/setup_nodes.go:15 +0x7b&#xA;github.com/onsi/ginkgo/internal/spec.(*Spec).runSample.func1()&#xA;&#x9;/home/think/.go/pkg/mod/github.com/onsi/ginkgo@v1.16.4/internal/spec/spec.go:180 +0x209&#xA;github.com/onsi/ginkgo/internal/spec.(*Spec).runSample(0xc000c8ad20, 0xc000ca7a00, {0x1eca980, 0xc000058940})&#xA;&#x9;/home/think/.go/pkg/mod/github.com/onsi/ginkgo@v1.16.4/internal/spec/spec.go:197 +0x703&#xA;github.com/onsi/ginkgo/internal/spec.(*Spec).Run(0xc000c8ad20, {0x1eca980, 0xc000058940})&#xA;&#x9;/home/think/.go/pkg/mod/github.com/onsi/ginkgo@v1.16.4/internal/spec/spec.go:138 +0xe7&#xA;github.com/onsi/ginkgo/internal/specrunner.(*SpecRunner).runSpec(0xc000520dc0, 0xc000c8ad20)&#xA;&#x9;/home/think/.go/pkg/mod/github.com/onsi/ginkgo@v1.16.4/internal/specrunner/spec_runner.go:200 +0xe5&#xA;github.com/onsi/ginkgo/internal/specrunner.(*SpecRunner).runSpecs(0xc000520dc0)&#xA;&#x9;/home/think/.go/pkg/mod/github.com/onsi/ginkgo@v1.16.4/internal/specrunner/spec_runner.go:170 +0x1a5&#xA;github.com/onsi/ginkgo/internal/specrunner.(*SpecRunner).Run(0xc000520dc0)&#xA;&#x9;/home/think/.go/pkg/mod/github.com/onsi/ginkgo@v1.16.4/internal/specrunner/spec_runner.go:66 +0xc5&#xA;github.com/onsi/ginkgo/internal/suite.(*Suite).Run(0xc0001809a0, {0x7f04a030d588, 0xc000103d40}, {0x1be677c, 0x1}, {0xc000528560, 0x2, 0x2}, {0x1f1b118, 0xc000058940}, ...)&#xA;&#x9;/home/think/.go/pkg/mod/github.com/onsi/ginkgo@v1.16.4/internal/suite/suite.go:79 +0x4d2&#xA;github.com/onsi/ginkgo.runSpecsWithCustomReporters({0x1eccfc0, 0xc000103d40}, {0x1be677c, 0x9}, {0xc000528540, 0x2, 0x1bffd61})&#xA;&#x9;/home/think/.go/pkg/mod/github.com/onsi/ginkgo@v1.16.4/ginkgo_dsl.go:238 +0x185&#xA;github.com/onsi/ginkgo.RunSpecsWithDefaultAndCustomReporters({0x1eccfc0, 0xc000103d40}, {0x1be677c, 0x9}, {0xc0004b1f50, 0x1, 0x1})&#xA;&#x9;/home/think/.go/pkg/mod/github.com/onsi/ginkgo@v1.16.4/ginkgo_dsl.go:221 +0x1be&#xA;command-line-arguments.Test(0x407eb9)&#xA;&#x9;/home/think/Workspace/csi-baremetal/tests/e2e/baremetal_e2e_test.go:63 +0x12c&#xA;testing.tRunner(0xc000103d40, 0x1cc3aa8)&#xA;&#x9;/usr/local/go/src/testing/testing.go:1259 +0x102&#xA;created by testing.(*T).Run&#xA;&#x9;/usr/local/go/src/testing/testing.go:1306 +0x35a&#xA;[AfterEach] [sig-storage] CSI Volumes&#xA;  /home/think/Workspace/csi-baremetal/tests/e2e/scenarios/setup.go:52&#xA;Mar 10 17:30:14.105: INFO: Skip timeout due to all tests suite&#xA;</system-out>
      </testcase>
      <testcase name="[sig-storage] CSI Volumes [Driver: csi-baremetal] Baremetal-csi driver scheduling tests 2 LVM PV on one drive" classname="CSI Suite" time="0.0005315">
          <failure type="Failure">/home/think/.go/pkg/mod/k8s.io/kubernetes@v1.22.5/test/e2e/framework/framework.go:185&#xA;Unexpected error:&#xA;    &lt;clientcmd.errConfigurationInvalid | len:1, cap:1&gt;: [&#xA;        &lt;*clientcmd.errEmptyConfig | 0xc000512670&gt;{&#xA;            message: &#34;no configuration has been provided, try setting KUBERNETES_MASTER environment variable&#34;,&#xA;        },&#xA;    ]&#xA;    invalid configuration: no configuration has been provided, try setting KUBERNETES_MASTER environment variable&#xA;occurred&#xA;/home/think/.go/pkg/mod/k8s.io/kubernetes@v1.22.5/test/e2e/framework/framework.go:201</failure>
          <system-out>[BeforeEach] Baremetal-csi driver scheduling tests&#xA;  /home/think/Workspace/csi-baremetal/tests/e2e/scenarios/scheduler-test.go:63&#xA;[BeforeEach] Baremetal-csi driver scheduling tests&#xA;  /home/think/.go/pkg/mod/k8s.io/kubernetes@v1.22.5/test/e2e/framework/framework.go:185&#xA;�[1mSTEP�[0m: Creating a kubernetes client&#xA;Mar 10 17:30:14.105: INFO: &gt;&gt;&gt; kubeConfig: /home/think/.kube/config&#xA;[AfterEach] Baremetal-csi driver scheduling tests&#xA;  /home/think/.go/pkg/mod/k8s.io/kubernetes@v1.22.5/test/e2e/framework/framework.go:186&#xA;Mar 10 17:30:14.105: FAIL: The framework ClientSet must not be nil at this point&#xA;&#xA;Full Stack Trace&#xA;github.com/onsi/ginkgo/internal/leafnodes.(*runner).runSync(0xc000103a00)&#xA;&#x9;/home/think/.go/pkg/mod/github.com/onsi/ginkgo@v1.16.4/internal/leafnodes/runner.go:113 +0xba&#xA;github.com/onsi/ginkgo/internal/leafnodes.(*runner).run(0xc000040560)&#xA;&#x9;/home/think/.go/pkg/mod/github.com/onsi/ginkgo@v1.16.4/internal/leafnodes/runner.go:64 +0x125&#xA;github.com/onsi/ginkgo/internal/leafnodes.(*SetupNode).Run(0x38)&#xA;&#x9;/home/think/.go/pkg/mod/github.com/onsi/ginkgo@v1.16.4/internal/leafnodes/setup_nodes.go:15 +0x7b&#xA;github.com/onsi/ginkgo/internal/spec.(*Spec).runSample.func1()&#xA;&#x9;/home/think/.go/pkg/mod/github.com/onsi/ginkgo@v1.16.4/internal/spec/spec.go:180 +0x209&#xA;github.com/onsi/ginkgo/internal/spec.(*Spec).runSample(0xc000c8cf00, 0xc000ca7a00, {0x1eca980, 0xc000058940})&#xA;&#x9;/home/think/.go/pkg/mod/github.com/onsi/ginkgo@v1.16.4/internal/spec/spec.go:197 +0x703&#xA;github.com/onsi/ginkgo/internal/spec.(*Spec).Run(0xc000c8cf00, {0x1eca980, 0xc000058940})&#xA;&#x9;/home/think/.go/pkg/mod/github.com/onsi/ginkgo@v1.16.4/internal/spec/spec.go:138 +0xe7&#xA;github.com/onsi/ginkgo/internal/specrunner.(*SpecRunner).runSpec(0xc000520dc0, 0xc000c8cf00)&#xA;&#x9;/home/think/.go/pkg/mod/github.com/onsi/ginkgo@v1.16.4/internal/specrunner/spec_runner.go:200 +0xe5&#xA;github.com/onsi/ginkgo/internal/specrunner.(*SpecRunner).runSpecs(0xc000520dc0)&#xA;&#x9;/home/think/.go/pkg/mod/github.com/onsi/ginkgo@v1.16.4/internal/specrunner/spec_runner.go:170 +0x1a5&#xA;github.com/onsi/ginkgo/internal/specrunner.(*SpecRunner).Run(0xc000520dc0)&#xA;&#x9;/home/think/.go/pkg/mod/github.com/onsi/ginkgo@v1.16.4/internal/specrunner/spec_runner.go:66 +0xc5&#xA;github.com/onsi/ginkgo/internal/suite.(*Suite).Run(0xc0001809a0, {0x7f04a030d588, 0xc000103d40}, {0x1be677c, 0x1}, {0xc000528560, 0x2, 0x2}, {0x1f1b118, 0xc000058940}, ...)&#xA;&#x9;/home/think/.go/pkg/mod/github.com/onsi/ginkgo@v1.16.4/internal/suite/suite.go:79 +0x4d2&#xA;github.com/onsi/ginkgo.runSpecsWithCustomReporters({0x1eccfc0, 0xc000103d40}, {0x1be677c, 0x9}, {0xc000528540, 0x2, 0x1bffd61})&#xA;&#x9;/home/think/.go/pkg/mod/github.com/onsi/ginkgo@v1.16.4/ginkgo_dsl.go:238 +0x185&#xA;github.com/onsi/ginkgo.RunSpecsWithDefaultAndCustomReporters({0x1eccfc0, 0xc000103d40}, {0x1be677c, 0x9}, {0xc0004b1f50, 0x1, 0x1})&#xA;&#x9;/home/think/.go/pkg/mod/github.com/onsi/ginkgo@v1.16.4/ginkgo_dsl.go:221 +0x1be&#xA;command-line-arguments.Test(0x407eb9)&#xA;&#x9;/home/think/Workspace/csi-baremetal/tests/e2e/baremetal_e2e_test.go:63 +0x12c&#xA;testing.tRunner(0xc000103d40, 0x1cc3aa8)&#xA;&#x9;/usr/local/go/src/testing/testing.go:1259 +0x102&#xA;created by testing.(*T).Run&#xA;&#x9;/usr/local/go/src/testing/testing.go:1306 +0x35a&#xA;[AfterEach] [sig-storage] CSI Volumes&#xA;  /home/think/Workspace/csi-baremetal/tests/e2e/scenarios/setup.go:52&#xA;Mar 10 17:30:14.105: INFO: Skip timeout due to all tests suite&#xA;</system-out>
      </testcase>
      <testcase name="[sig-storage] CSI Volumes [Driver: csi-baremetal] [Testpattern: Dynamic PV (block volmode)] multiVolume [Slow] should concurrently access the single read-only volume from pods on the same node" classname="CSI Suite" time="0.000509">
          <failure type="Failure">/home/think/.go/pkg/mod/k8s.io/kubernetes@v1.22.5/test/e2e/framework/framework.go:185&#xA;Unexpected error:&#xA;    &lt;clientcmd.errConfigurationInvalid | len:1, cap:1&gt;: [&#xA;        &lt;*clientcmd.errEmptyConfig | 0xc000512670&gt;{&#xA;            message: &#34;no configuration has been provided, try setting KUBERNETES_MASTER environment variable&#34;,&#xA;        },&#xA;    ]&#xA;    invalid configuration: no configuration has been provided, try setting KUBERNETES_MASTER environment variable&#xA;occurred&#xA;/home/think/.go/pkg/mod/k8s.io/kubernetes@v1.22.5/test/e2e/framework/framework.go:201</failure>
          <system-out>[BeforeEach] [Testpattern: Dynamic PV (block volmode)] multiVolume [Slow]&#xA;  /home/think/.go/pkg/mod/k8s.io/kubernetes@v1.22.5/test/e2e/storage/framework/testsuite.go:51&#xA;[BeforeEach] [Testpattern: Dynamic PV (block volmode)] multiVolume [Slow]&#xA;  /home/think/.go/pkg/mod/k8s.io/kubernetes@v1.22.5/test/e2e/framework/framework.go:185&#xA;�[1mSTEP�[0m: Creating a kubernetes client&#xA;Mar 10 17:30:14.105: INFO: &gt;&gt;&gt; kubeConfig: /home/think/.kube/config&#xA;[AfterEach] [Testpattern: Dynamic PV (block volmode)] multiVolume [Slow]&#xA;  /home/think/.go/pkg/mod/k8s.io/kubernetes@v1.22.5/test/e2e/framework/framework.go:186&#xA;Mar 10 17:30:14.106: FAIL: The framework ClientSet must not be nil at this point&#xA;&#xA;Full Stack Trace&#xA;github.com/onsi/ginkgo/internal/leafnodes.(*runner).runSync(0xc000103a00)&#xA;&#x9;/home/think/.go/pkg/mod/github.com/onsi/ginkgo@v1.16.4/internal/leafnodes/runner.go:113 +0xba&#xA;github.com/onsi/ginkgo/internal/leafnodes.(*runner).run(0xc000040560)&#xA;&#x9;/home/think/.go/pkg/mod/github.com/onsi/ginkgo@v1.16.4/internal/leafnodes/runner.go:64 +0x125&#xA;github.com/onsi/ginkgo/internal/leafnodes.(*SetupNode).Run(0x38)&#xA;&#x9;/home/think/.go/pkg/mod/github.com/onsi/ginkgo@v1.16.4/internal/leafnodes/setup_nodes.go:15 +0x7b&#xA;github.com/onsi/ginkgo/internal/spec.(*Spec).runSample.func1()&#xA;&#x9;/home/think/.go/pkg/mod/github.com/onsi/ginkgo@v1.16.4/internal/spec/spec.go:180 +0x209&#xA;github.com/onsi/ginkgo/internal/spec.(*Spec).runSample(0xc000c89d10, 0xc000ca7a00, {0x1eca980, 0xc000058940})&#xA;&#x9;/home/think/.go/pkg/mod/github.com/onsi/ginkgo@v1.16.4/internal/spec/spec.go:197 +0x703&#xA;github.com/onsi/ginkgo/internal/spec.(*Spec).Run(0xc000c89d10, {0x1eca980, 0xc000058940})&#xA;&#x9;/home/think/.go/pkg/mod/github.com/onsi/ginkgo@v1.16.4/internal/spec/spec.go:138 +0xe7&#xA;github.com/onsi/ginkgo/internal/specrunner.(*SpecRunner).runSpec(0xc000520dc0, 0xc000c89d10)&#xA;&#x9;/home/think/.go/pkg/mod/github.com/onsi/ginkgo@v1.16.4/internal/specrunner/spec_runner.go:200 +0xe5&#xA;github.com/onsi/ginkgo/internal/specrunner.(*SpecRunner).runSpecs(0xc000520dc0)&#xA;&#x9;/home/think/.go/pkg/mod/github.com/onsi/ginkgo@v1.16.4/internal/specrunner/spec_runner.go:170 +0x1a5&#xA;github.com/onsi/ginkgo/internal/specrunner.(*SpecRunner).Run(0xc000520dc0)&#xA;&#x9;/home/think/.go/pkg/mod/github.com/onsi/ginkgo@v1.16.4/internal/specrunner/spec_runner.go:66 +0xc5&#xA;github.com/onsi/ginkgo/internal/suite.(*Suite).Run(0xc0001809a0, {0x7f04a030d588, 0xc000103d40}, {0x1be677c, 0x1}, {0xc000528560, 0x2, 0x2}, {0x1f1b118, 0xc000058940}, ...)&#xA;&#x9;/home/think/.go/pkg/mod/github.com/onsi/ginkgo@v1.16.4/internal/suite/suite.go:79 +0x4d2&#xA;github.com/onsi/ginkgo.runSpecsWithCustomReporters({0x1eccfc0, 0xc000103d40}, {0x1be677c, 0x9}, {0xc000528540, 0x2, 0x1bffd61})&#xA;&#x9;/home/think/.go/pkg/mod/github.com/onsi/ginkgo@v1.16.4/ginkgo_dsl.go:238 +0x185&#xA;github.com/onsi/ginkgo.RunSpecsWithDefaultAndCustomReporters({0x1eccfc0, 0xc000103d40}, {0x1be677c, 0x9}, {0xc0004b1f50, 0x1, 0x1})&#xA;&#x9;/home/think/.go/pkg/mod/github.com/onsi/ginkgo@v1.16.4/ginkgo_dsl.go:221 +0x1be&#xA;command-line-arguments.Test(0x407eb9)&#xA;&#x9;/home/think/Workspace/csi-baremetal/tests/e2e/baremetal_e2e_test.go:63 +0x12c&#xA;testing.tRunner(0xc000103d40, 0x1cc3aa8)&#xA;&#x9;/usr/local/go/src/testing/testing.go:1259 +0x102&#xA;created by testing.(*T).Run&#xA;&#x9;/usr/local/go/src/testing/testing.go:1306 +0x35a&#xA;[AfterEach] [sig-storage] CSI Volumes&#xA;  /home/think/Workspace/csi-baremetal/tests/e2e/scenarios/setup.go:52&#xA;Mar 10 17:30:14.106: INFO: Skip timeout due to all tests suite&#xA;</system-out>
      </testcase>
      <testcase name="[sig-storage] CSI Volumes [Driver: csi-baremetal] [Testpattern: Dynamic PV (ntfs)(allowExpansion)][Feature:Windows] volume-expand Verify if offline PVC expansion works" classname="CSI Suite" time="0.0002439">
          <skipped>/home/think/.go/pkg/mod/k8s.io/kubernetes@v1.22.5/test/e2e/storage/framework/testsuite.go:51&#xA;Driver csi-baremetal doesn&#39;t support ntfs -- skipping&#xA;/home/think/.go/pkg/mod/k8s.io/kubernetes@v1.22.5/test/e2e/storage/framework/testsuite.go:121</skipped>
      </testcase>
      <testcase name="[sig-storage] CSI Volumes [Driver: csi-baremetal] [Testpattern: Generic Ephemeral-volume (default fs) (immediate-binding)] ephemeral should support two pods which share the same volume" classname="CSI Suite" time="0.0005404">
          <failure type="Failure">/home/think/.go/pkg/mod/k8s.io/kubernetes@v1.22.5/test/e2e/framework/framework.go:185&#xA;Unexpected error:&#xA;    &lt;clientcmd.errConfigurationInvalid | len:1, cap:1&gt;: [&#xA;        &lt;*clientcmd.errEmptyConfig | 0xc000512670&gt;{&#xA;            message: &#34;no configuration has been provided, try setting KUBERNETES_MASTER environment variable&#34;,&#xA;        },&#xA;    ]&#xA;    invalid configuration: no configuration has been provided, try setting KUBERNETES_MASTER environment variable&#xA;occurred&#xA;/home/think/.go/pkg/mod/k8s.io/kubernetes@v1.22.5/test/e2e/framework/framework.go:201</failure>
          <system-out>[BeforeEach] [Testpattern: Generic Ephemeral-volume (default fs) (immediate-binding)] ephemeral&#xA;  /home/think/.go/pkg/mod/k8s.io/kubernetes@v1.22.5/test/e2e/storage/framework/testsuite.go:51&#xA;[BeforeEach] [Testpattern: Generic Ephemeral-volume (default fs) (immediate-binding)] ephemeral&#xA;  /home/think/.go/pkg/mod/k8s.io/kubernetes@v1.22.5/test/e2e/framework/framework.go:185&#xA;�[1mSTEP�[0m: Creating a kubernetes client&#xA;Mar 10 17:30:14.106: INFO: &gt;&gt;&gt; kubeConfig: /home/think/.kube/config&#xA;[AfterEach] [Testpattern: Generic Ephemeral-volume (default fs) (immediate-binding)] ephemeral&#xA;  /home/think/.go/pkg/mod/k8s.io/kubernetes@v1.22.5/test/e2e/framework/framework.go:186&#xA;Mar 10 17:30:14.106: FAIL: The framework ClientSet must not be nil at this point&#xA;&#xA;Full Stack Trace&#xA;github.com/onsi/ginkgo/internal/leafnodes.(*runner).runSync(0xc000103a00)&#xA;&#x9;/home/think/.go/pkg/mod/github.com/onsi/ginkgo@v1.16.4/internal/leafnodes/runner.go:113 +0xba&#xA;github.com/onsi/ginkgo/internal/leafnodes.(*runner).run(0xc000040560)&#xA;&#x9;/home/think/.go/pkg/mod/github.com/onsi/ginkgo@v1.16.4/internal/leafnodes/runner.go:64 +0x125&#xA;github.com/onsi/ginkgo/internal/leafnodes.(*SetupNode).Run(0x38)&#xA;&#x9;/home/think/.go/pkg/mod/github.com/onsi/ginkgo@v1.16.4/internal/leafnodes/setup_nodes.go:15 +0x7b&#xA;github.com/onsi/ginkgo/internal/spec.(*Spec).runSample.func1()&#xA;&#x9;/home/think/.go/pkg/mod/github.com/onsi/ginkgo@v1.16.4/internal/spec/spec.go:180 +0x209&#xA;github.com/onsi/ginkgo/internal/spec.(*Spec).runSample(0xc00043eff0, 0xc000ca7a00, {0x1eca980, 0xc000058940})&#xA;&#x9;/home/think/.go/pkg/mod/github.com/onsi/ginkgo@v1.16.4/internal/spec/spec.go:197 +0x703&#xA;github.com/onsi/ginkgo/internal/spec.(*Spec).Run(0xc00043eff0, {0x1eca980, 0xc000058940})&#xA;&#x9;/home/think/.go/pkg/mod/github.com/onsi/ginkgo@v1.16.4/internal/spec/spec.go:138 +0xe7&#xA;github.com/onsi/ginkgo/internal/specrunner.(*SpecRunner).runSpec(0xc000520dc0, 0xc00043eff0)&#xA;&#x9;/home/think/.go/pkg/mod/github.com/onsi/ginkgo@v1.16.4/internal/specrunner/spec_runner.go:200 +0xe5&#xA;github.com/onsi/ginkgo/internal/specrunner.(*SpecRunner).runSpecs(0xc000520dc0)&#xA;&#x9;/home/think/.go/pkg/mod/github.com/onsi/ginkgo@v1.16.4/internal/specrunner/spec_runner.go:170 +0x1a5&#xA;github.com/onsi/ginkgo/internal/specrunner.(*SpecRunner).Run(0xc000520dc0)&#xA;&#x9;/home/think/.go/pkg/mod/github.com/onsi/ginkgo@v1.16.4/internal/specrunner/spec_runner.go:66 +0xc5&#xA;github.com/onsi/ginkgo/internal/suite.(*Suite).Run(0xc0001809a0, {0x7f04a030d588, 0xc000103d40}, {0x1be677c, 0x1}, {0xc000528560, 0x2, 0x2}, {0x1f1b118, 0xc000058940}, ...)&#xA;&#x9;/home/think/.go/pkg/mod/github.com/onsi/ginkgo@v1.16.4/internal/suite/suite.go:79 +0x4d2&#xA;github.com/onsi/ginkgo.runSpecsWithCustomReporters({0x1eccfc0, 0xc000103d40}, {0x1be677c, 0x9}, {0xc000528540, 0x2, 0x1bffd61})&#xA;&#x9;/home/think/.go/pkg/mod/github.com/onsi/ginkgo@v1.16.4/ginkgo_dsl.go:238 +0x185&#xA;github.com/onsi/ginkgo.RunSpecsWithDefaultAndCustomReporters({0x1eccfc0, 0xc000103d40}, {0x1be677c, 0x9}, {0xc0004b1f50, 0x1, 0x1})&#xA;&#x9;/home/think/.go/pkg/mod/github.com/onsi/ginkgo@v1.16.4/ginkgo_dsl.go:221 +0x1be&#xA;command-line-arguments.Test(0x407eb9)&#xA;&#x9;/home/think/Workspace/csi-baremetal/tests/e2e/baremetal_e2e_test.go:63 +0x12c&#xA;testing.tRunner(0xc000103d40, 0x1cc3aa8)&#xA;&#x9;/usr/local/go/src/testing/testing.go:1259 +0x102&#xA;created by testing.(*T).Run&#xA;&#x9;/usr/local/go/src/testing/testing.go:1306 +0x35a&#xA;[AfterEach] [sig-storage] CSI Volumes&#xA;  /home/think/Workspace/csi-baremetal/tests/e2e/scenarios/setup.go:52&#xA;Mar 10 17:30:14.107: INFO: Skip timeout due to all tests suite&#xA;</system-out>
      </testcase>
      <testcase name="[sig-storage] CSI Volumes [Driver: csi-baremetal] [Testpattern: Dynamic PV (xfs)][Slow] volumes should allow exec of files on the volume" classname="CSI Suite" time="0.0005015">
          <failure type="Failure">/home/think/.go/pkg/mod/k8s.io/kubernetes@v1.22.5/test/e2e/framework/framework.go:185&#xA;Unexpected error:&#xA;    &lt;clientcmd.errConfigurationInvalid | len:1, cap:1&gt;: [&#xA;        &lt;*clientcmd.errEmptyConfig | 0xc000512670&gt;{&#xA;            message: &#34;no configuration has been provided, try setting KUBERNETES_MASTER environment variable&#34;,&#xA;        },&#xA;    ]&#xA;    invalid configuration: no configuration has been provided, try setting KUBERNETES_MASTER environment variable&#xA;occurred&#xA;/home/think/.go/pkg/mod/k8s.io/kubernetes@v1.22.5/test/e2e/framework/framework.go:201</failure>
          <system-out>[BeforeEach] [Testpattern: Dynamic PV (xfs)][Slow] volumes&#xA;  /home/think/.go/pkg/mod/k8s.io/kubernetes@v1.22.5/test/e2e/storage/framework/testsuite.go:51&#xA;[BeforeEach] [Testpattern: Dynamic PV (xfs)][Slow] volumes&#xA;  /home/think/.go/pkg/mod/k8s.io/kubernetes@v1.22.5/test/e2e/framework/framework.go:185&#xA;�[1mSTEP�[0m: Creating a kubernetes client&#xA;Mar 10 17:30:14.107: INFO: &gt;&gt;&gt; kubeConfig: /home/think/.kube/config&#xA;[AfterEach] [Testpattern: Dynamic PV (xfs)][Slow] volumes&#xA;  /home/think/.go/pkg/mod/k8s.io/kubernetes@v1.22.5/test/e2e/framework/framework.go:186&#xA;Mar 10 17:30:14.107: FAIL: The framework ClientSet must not be nil at this point&#xA;&#xA;Full Stack Trace&#xA;github.com/onsi/ginkgo/internal/leafnodes.(*runner).runSync(0xc000103a00)&#xA;&#x9;/home/think/.go/pkg/mod/github.com/onsi/ginkgo@v1.16.4/internal/leafnodes/runner.go:113 +0xba&#xA;github.com/onsi/ginkgo/internal/leafnodes.(*runner).run(0xc000040560)&#xA;&#x9;/home/think/.go/pkg/mod/github.com/onsi/ginkgo@v1.16.4/internal/leafnodes/runner.go:64 +0x125&#xA;github.com/onsi/ginkgo/internal/leafnodes.(*SetupNode).Run(0x38)&#xA;&#x9;/home/think/.go/pkg/mod/github.com/onsi/ginkgo@v1.16.4/internal/leafnodes/setup_nodes.go:15 +0x7b&#xA;github.com/onsi/ginkgo/internal/spec.(*Spec).runSample.func1()&#xA;&#x9;/home/think/.go/pkg/mod/github.com/onsi/ginkgo@v1.16.4/internal/spec/spec.go:180 +0x209&#xA;github.com/onsi/ginkgo/internal/spec.(*Spec).runSample(0xc0006cba40, 0xc000ca7a00, {0x1eca980, 0xc000058940})&#xA;&#x9;/home/think/.go/pkg/mod/github.com/onsi/ginkgo@v1.16.4/internal/spec/spec.go:197 +0x703&#xA;github.com/onsi/ginkgo/internal/spec.(*Spec).Run(0xc0006cba40, {0x1eca980, 0xc000058940})&#xA;&#x9;/home/think/.go/pkg/mod/github.com/onsi/ginkgo@v1.16.4/internal/spec/spec.go:138 +0xe7&#xA;github.com/onsi/ginkgo/internal/specrunner.(*SpecRunner).runSpec(0xc000520dc0, 0xc0006cba40)&#xA;&#x9;/home/think/.go/pkg/mod/github.com/onsi/ginkgo@v1.16.4/internal/specrunner/spec_runner.go:200 +0xe5&#xA;github.com/onsi/ginkgo/internal/specrunner.(*SpecRunner).runSpecs(0xc000520dc0)&#xA;&#x9;/home/think/.go/pkg/mod/github.com/onsi/ginkgo@v1.16.4/internal/specrunner/spec_runner.go:170 +0x1a5&#xA;github.com/onsi/ginkgo/internal/specrunner.(*SpecRunner).Run(0xc000520dc0)&#xA;&#x9;/home/think/.go/pkg/mod/github.com/onsi/ginkgo@v1.16.4/internal/specrunner/spec_runner.go:66 +0xc5&#xA;github.com/onsi/ginkgo/internal/suite.(*Suite).Run(0xc0001809a0, {0x7f04a030d588, 0xc000103d40}, {0x1be677c, 0x1}, {0xc000528560, 0x2, 0x2}, {0x1f1b118, 0xc000058940}, ...)&#xA;&#x9;/home/think/.go/pkg/mod/github.com/onsi/ginkgo@v1.16.4/internal/suite/suite.go:79 +0x4d2&#xA;github.com/onsi/ginkgo.runSpecsWithCustomReporters({0x1eccfc0, 0xc000103d40}, {0x1be677c, 0x9}, {0xc000528540, 0x2, 0x1bffd61})&#xA;&#x9;/home/think/.go/pkg/mod/github.com/onsi/ginkgo@v1.16.4/ginkgo_dsl.go:238 +0x185&#xA;github.com/onsi/ginkgo.RunSpecsWithDefaultAndCustomReporters({0x1eccfc0, 0xc000103d40}, {0x1be677c, 0x9}, {0xc0004b1f50, 0x1, 0x1})&#xA;&#x9;/home/think/.go/pkg/mod/github.com/onsi/ginkgo@v1.16.4/ginkgo_dsl.go:221 +0x1be&#xA;command-line-arguments.Test(0x407eb9)&#xA;&#x9;/home/think/Workspace/csi-baremetal/tests/e2e/baremetal_e2e_test.go:63 +0x12c&#xA;testing.tRunner(0xc000103d40, 0x1cc3aa8)&#xA;&#x9;/usr/local/go/src/testing/testing.go:1259 +0x102&#xA;created by testing.(*T).Run&#xA;&#x9;/usr/local/go/src/testing/testing.go:1306 +0x35a&#xA;[AfterEach] [sig-storage] CSI Volumes&#xA;  /home/think/Workspace/csi-baremetal/tests/e2e/scenarios/setup.go:52&#xA;Mar 10 17:30:14.107: INFO: Skip timeout due to all tests suite&#xA;</system-out>
      </testcase>
      <testcase name="[sig-storage] CSI Volumes [Driver: csi-baremetal] Baremetal-csi drive health change tests AC for unhealthy drive should be removed" classname="CSI Suite" time="0.0005147">
          <failure type="Failure">/home/think/.go/pkg/mod/k8s.io/kubernetes@v1.22.5/test/e2e/framework/framework.go:185&#xA;Unexpected error:&#xA;    &lt;clientcmd.errConfigurationInvalid | len:1, cap:1&gt;: [&#xA;        &lt;*clientcmd.errEmptyConfig | 0xc000512670&gt;{&#xA;            message: &#34;no configuration has been provided, try setting KUBERNETES_MASTER environment variable&#34;,&#xA;        },&#xA;    ]&#xA;    invalid configuration: no configuration has been provided, try setting KUBERNETES_MASTER environment variable&#xA;occurred&#xA;/home/think/.go/pkg/mod/k8s.io/kubernetes@v1.22.5/test/e2e/framework/framework.go:201</failure>
          <system-out>[BeforeEach] Baremetal-csi drive health change tests&#xA;  /home/think/Workspace/csi-baremetal/tests/e2e/scenarios/drive-health-change.go:65&#xA;[BeforeEach] Baremetal-csi drive health change tests&#xA;  /home/think/.go/pkg/mod/k8s.io/kubernetes@v1.22.5/test/e2e/framework/framework.go:185&#xA;�[1mSTEP�[0m: Creating a kubernetes client&#xA;Mar 10 17:30:14.107: INFO: &gt;&gt;&gt; kubeConfig: /home/think/.kube/config&#xA;[AfterEach] Baremetal-csi drive health change tests&#xA;  /home/think/.go/pkg/mod/k8s.io/kubernetes@v1.22.5/test/e2e/framework/framework.go:186&#xA;Mar 10 17:30:14.108: FAIL: The framework ClientSet must not be nil at this point&#xA;&#xA;Full Stack Trace&#xA;github.com/onsi/ginkgo/internal/leafnodes.(*runner).runSync(0xc000103a00)&#xA;&#x9;/home/think/.go/pkg/mod/github.com/onsi/ginkgo@v1.16.4/internal/leafnodes/runner.go:113 +0xba&#xA;github.com/onsi/ginkgo/internal/leafnodes.(*runner).run(0xc000040560)&#xA;&#x9;/home/think/.go/pkg/mod/github.com/onsi/ginkgo@v1.16.4/internal/leafnodes/runner.go:64 +0x125&#xA;github.com/onsi/ginkgo/internal/leafnodes.(*SetupNode).Run(0x38)&#xA;&#x9;/home/think/.go/pkg/mod/github.com/onsi/ginkgo@v1.16.4/internal/leafnodes/setup_nodes.go:15 +0x7b&#xA;github.com/onsi/ginkgo/internal/spec.(*Spec).runSample.func1()&#xA;&#x9;/home/think/.go/pkg/mod/github.com/onsi/ginkgo@v1.16.4/internal/spec/spec.go:180 +0x209&#xA;github.com/onsi/ginkgo/internal/spec.(*Spec).runSample(0xc000c8c000, 0xc000ca7a00, {0x1eca980, 0xc000058940})&#xA;&#x9;/home/think/.go/pkg/mod/github.com/onsi/ginkgo@v1.16.4/internal/spec/spec.go:197 +0x703&#xA;github.com/onsi/ginkgo/internal/spec.(*Spec).Run(0xc000c8c000, {0x1eca980, 0xc000058940})&#xA;&#x9;/home/think/.go/pkg/mod/github.com/onsi/ginkgo@v1.16.4/internal/spec/spec.go:138 +0xe7&#xA;github.com/onsi/ginkgo/internal/specrunner.(*SpecRunner).runSpec(0xc000520dc0, 0xc000c8c000)&#xA;&#x9;/home/think/.go/pkg/mod/github.com/onsi/ginkgo@v1.16.4/internal/specrunner/spec_runner.go:200 +0xe5&#xA;github.com/onsi/ginkgo/internal/specrunner.(*SpecRunner).runSpecs(0xc000520dc0)&#xA;&#x9;/home/think/.go/pkg/mod/github.com/onsi/ginkgo@v1.16.4/internal/specrunner/spec_runner.go:170 +0x1a5&#xA;github.com/onsi/ginkgo/internal/specrunner.(*SpecRunner).Run(0xc000520dc0)&#xA;&#x9;/home/think/.go/pkg/mod/github.com/onsi/ginkgo@v1.16.4/internal/specrunner/spec_runner.go:66 +0xc5&#xA;github.com/onsi/ginkgo/internal/suite.(*Suite).Run(0xc0001809a0, {0x7f04a030d588, 0xc000103d40}, {0x1be677c, 0x1}, {0xc000528560, 0x2, 0x2}, {0x1f1b118, 0xc000058940}, ...)&#xA;&#x9;/home/think/.go/pkg/mod/github.com/onsi/ginkgo@v1.16.4/internal/suite/suite.go:79 +0x4d2&#xA;github.com/onsi/ginkgo.runSpecsWithCustomReporters({0x1eccfc0, 0xc000103d40}, {0x1be677c, 0x9}, {0xc000528540, 0x2, 0x1bffd61})&#xA;&#x9;/home/think/.go/pkg/mod/github.com/onsi/ginkgo@v1.16.4/ginkgo_dsl.go:238 +0x185&#xA;github.com/onsi/ginkgo.RunSpecsWithDefaultAndCustomReporters({0x1eccfc0, 0xc000103d40}, {0x1be677c, 0x9}, {0xc0004b1f50, 0x1, 0x1})&#xA;&#x9;/home/think/.go/pkg/mod/github.com/onsi/ginkgo@v1.16.4/ginkgo_dsl.go:221 +0x1be&#xA;command-line-arguments.Test(0x407eb9)&#xA;&#x9;/home/think/Workspace/csi-baremetal/tests/e2e/baremetal_e2e_test.go:63 +0x12c&#xA;testing.tRunner(0xc000103d40, 0x1cc3aa8)&#xA;&#x9;/usr/local/go/src/testing/testing.go:1259 +0x102&#xA;created by testing.(*T).Run&#xA;&#x9;/usr/local/go/src/testing/testing.go:1306 +0x35a&#xA;[AfterEach] [sig-storage] CSI Volumes&#xA;  /home/think/Workspace/csi-baremetal/tests/e2e/scenarios/setup.go:52&#xA;Mar 10 17:30:14.108: INFO: Skip timeout due to all tests suite&#xA;</system-out>
      </testcase>
      <testcase name="[sig-storage] CSI Volumes [Driver: csi-baremetal] [Testpattern: Generic Ephemeral-volume (default fs) (immediate-binding)] ephemeral should support multiple inline ephemeral volumes" classname="CSI Suite" time="0.0005153">
          <failure type="Failure">/home/think/.go/pkg/mod/k8s.io/kubernetes@v1.22.5/test/e2e/framework/framework.go:185&#xA;Unexpected error:&#xA;    &lt;clientcmd.errConfigurationInvalid | len:1, cap:1&gt;: [&#xA;        &lt;*clientcmd.errEmptyConfig | 0xc000512670&gt;{&#xA;            message: &#34;no configuration has been provided, try setting KUBERNETES_MASTER environment variable&#34;,&#xA;        },&#xA;    ]&#xA;    invalid configuration: no configuration has been provided, try setting KUBERNETES_MASTER environment variable&#xA;occurred&#xA;/home/think/.go/pkg/mod/k8s.io/kubernetes@v1.22.5/test/e2e/framework/framework.go:201</failure>
          <system-out>[BeforeEach] [Testpattern: Generic Ephemeral-volume (default fs) (immediate-binding)] ephemeral&#xA;  /home/think/.go/pkg/mod/k8s.io/kubernetes@v1.22.5/test/e2e/storage/framework/testsuite.go:51&#xA;[BeforeEach] [Testpattern: Generic Ephemeral-volume (default fs) (immediate-binding)] ephemeral&#xA;  /home/think/.go/pkg/mod/k8s.io/kubernetes@v1.22.5/test/e2e/framework/framework.go:185&#xA;�[1mSTEP�[0m: Creating a kubernetes client&#xA;Mar 10 17:30:14.108: INFO: &gt;&gt;&gt; kubeConfig: /home/think/.kube/config&#xA;[AfterEach] [Testpattern: Generic Ephemeral-volume (default fs) (immediate-binding)] ephemeral&#xA;  /home/think/.go/pkg/mod/k8s.io/kubernetes@v1.22.5/test/e2e/framework/framework.go:186&#xA;Mar 10 17:30:14.108: FAIL: The framework ClientSet must not be nil at this point&#xA;&#xA;Full Stack Trace&#xA;github.com/onsi/ginkgo/internal/leafnodes.(*runner).runSync(0xc000103a00)&#xA;&#x9;/home/think/.go/pkg/mod/github.com/onsi/ginkgo@v1.16.4/internal/leafnodes/runner.go:113 +0xba&#xA;github.com/onsi/ginkgo/internal/leafnodes.(*runner).run(0xc000040560)&#xA;&#x9;/home/think/.go/pkg/mod/github.com/onsi/ginkgo@v1.16.4/internal/leafnodes/runner.go:64 +0x125&#xA;github.com/onsi/ginkgo/internal/leafnodes.(*SetupNode).Run(0x11)&#xA;&#x9;/home/think/.go/pkg/mod/github.com/onsi/ginkgo@v1.16.4/internal/leafnodes/setup_nodes.go:15 +0x7b&#xA;github.com/onsi/ginkgo/internal/spec.(*Spec).runSample.func1()&#xA;&#x9;/home/think/.go/pkg/mod/github.com/onsi/ginkgo@v1.16.4/internal/spec/spec.go:180 +0x209&#xA;github.com/onsi/ginkgo/internal/spec.(*Spec).runSample(0xc00043f0e0, 0xc000ca7a00, {0x1eca980, 0xc000058940})&#xA;&#x9;/home/think/.go/pkg/mod/github.com/onsi/ginkgo@v1.16.4/internal/spec/spec.go:197 +0x703&#xA;github.com/onsi/ginkgo/internal/spec.(*Spec).Run(0xc00043f0e0, {0x1eca980, 0xc000058940})&#xA;&#x9;/home/think/.go/pkg/mod/github.com/onsi/ginkgo@v1.16.4/internal/spec/spec.go:138 +0xe7&#xA;github.com/onsi/ginkgo/internal/specrunner.(*SpecRunner).runSpec(0xc000520dc0, 0xc00043f0e0)&#xA;&#x9;/home/think/.go/pkg/mod/github.com/onsi/ginkgo@v1.16.4/internal/specrunner/spec_runner.go:200 +0xe5&#xA;github.com/onsi/ginkgo/internal/specrunner.(*SpecRunner).runSpecs(0xc000520dc0)&#xA;&#x9;/home/think/.go/pkg/mod/github.com/onsi/ginkgo@v1.16.4/internal/specrunner/spec_runner.go:170 +0x1a5&#xA;github.com/onsi/ginkgo/internal/specrunner.(*SpecRunner).Run(0xc000520dc0)&#xA;&#x9;/home/think/.go/pkg/mod/github.com/onsi/ginkgo@v1.16.4/internal/specrunner/spec_runner.go:66 +0xc5&#xA;github.com/onsi/ginkgo/internal/suite.(*Suite).Run(0xc0001809a0, {0x7f04a030d588, 0xc000103d40}, {0x1be677c, 0x1}, {0xc000528560, 0x2, 0x2}, {0x1f1b118, 0xc000058940}, ...)&#xA;&#x9;/home/think/.go/pkg/mod/github.com/onsi/ginkgo@v1.16.4/internal/suite/suite.go:79 +0x4d2&#xA;github.com/onsi/ginkgo.runSpecsWithCustomReporters({0x1eccfc0, 0xc000103d40}, {0x1be677c, 0x9}, {0xc000528540, 0x2, 0x1bffd61})&#xA;&#x9;/home/think/.go/pkg/mod/github.com/onsi/ginkgo@v1.16.4/ginkgo_dsl.go:238 +0x185&#xA;github.com/onsi/ginkgo.RunSpecsWithDefaultAndCustomReporters({0x1eccfc0, 0xc000103d40}, {0x1be677c, 0x9}, {0xc0004b1f50, 0x1, 0x1})&#xA;&#x9;/home/think/.go/pkg/mod/github.com/onsi/ginkgo@v1.16.4/ginkgo_dsl.go:221 +0x1be&#xA;command-line-arguments.Test(0x407eb9)&#xA;&#x9;/home/think/Workspace/csi-baremetal/tests/e2e/baremetal_e2e_test.go:63 +0x12c&#xA;testing.tRunner(0xc000103d40, 0x1cc3aa8)&#xA;&#x9;/usr/local/go/src/testing/testing.go:1259 +0x102&#xA;created by testing.(*T).Run&#xA;&#x9;/usr/local/go/src/testing/testing.go:1306 +0x35a&#xA;[AfterEach] [sig-storage] CSI Volumes&#xA;  /home/think/Workspace/csi-baremetal/tests/e2e/scenarios/setup.go:52&#xA;Mar 10 17:30:14.108: INFO: Skip timeout due to all tests suite&#xA;</system-out>
      </testcase>
      <testcase name="[sig-storage] CSI Volumes [Driver: csi-baremetal] Baremetal-csi driver different SCs tests should create Pod with PVC with HDDLVG type" classname="CSI Suite" time="0.0005109">
          <failure type="Failure">/home/think/.go/pkg/mod/k8s.io/kubernetes@v1.22.5/test/e2e/framework/framework.go:185&#xA;Unexpected error:&#xA;    &lt;clientcmd.errConfigurationInvalid | len:1, cap:1&gt;: [&#xA;        &lt;*clientcmd.errEmptyConfig | 0xc000512670&gt;{&#xA;            message: &#34;no configuration has been provided, try setting KUBERNETES_MASTER environment variable&#34;,&#xA;        },&#xA;    ]&#xA;    invalid configuration: no configuration has been provided, try setting KUBERNETES_MASTER environment variable&#xA;occurred&#xA;/home/think/.go/pkg/mod/k8s.io/kubernetes@v1.22.5/test/e2e/framework/framework.go:201</failure>
[...]
      </testcase>
      <testcase name="[sig-storage] CSI Volumes [Driver: csi-baremetal] Baremetal-csi driver scheduling tests Scheduler should respect SC" classname="CSI Suite" time="0.0006674">
          <failure type="Failure">/home/think/.go/pkg/mod/k8s.io/kubernetes@v1.22.5/test/e2e/framework/framework.go:185&#xA;Unexpected error:&#xA;    &lt;clientcmd.errConfigurationInvalid | len:1, cap:1&gt;: [&#xA;        &lt;*clientcmd.errEmptyConfig | 0xc000512670&gt;{&#xA;            message: &#34;no configuration has been provided, try setting KUBERNETES_MASTER environment variable&#34;,&#xA;        },&#xA;    ]&#xA;    invalid configuration: no configuration has been provided, try setting KUBERNETES_MASTER environment variable&#xA;occurred&#xA;/home/think/.go/pkg/mod/k8s.io/kubernetes@v1.22.5/test/e2e/framework/framework.go:201</failure>
          <system-out>[BeforeEach] Baremetal-csi driver scheduling tests&#xA;  /home/think/Workspace/csi-baremetal/tests/e2e/scenarios/scheduler-test.go:63&#xA;[BeforeEach] Baremetal-csi driver scheduling tests&#xA;  /home/think/.go/pkg/mod/k8s.io/kubernetes@v1.22.5/test/e2e/framework/framework.go:185&#xA;�[1mSTEP�[0m: Creating a kubernetes client&#xA;Mar 10 17:30:14.167: INFO: &gt;&gt;&gt; kubeConfig: /home/think/.kube/config&#xA;[AfterEach] Baremetal-csi driver scheduling tests&#xA;  /home/think/.go/pkg/mod/k8s.io/kubernetes@v1.22.5/test/e2e/framework/framework.go:186&#xA;Mar 10 17:30:14.168: FAIL: The framework ClientSet must not be nil at this point&#xA;&#xA;Full Stack Trace&#xA;github.com/onsi/ginkgo/internal/leafnodes.(*runner).runSync(0xc000103a00)&#xA;&#x9;/home/think/.go/pkg/mod/github.com/onsi/ginkgo@v1.16.4/internal/leafnodes/runner.go:113 +0xba&#xA;github.com/onsi/ginkgo/internal/leafnodes.(*runner).run(0xc000040560)&#xA;&#x9;/home/think/.go/pkg/mod/github.com/onsi/ginkgo@v1.16.4/internal/leafnodes/runner.go:64 +0x125&#xA;github.com/onsi/ginkgo/internal/leafnodes.(*SetupNode).Run(0x38)&#xA;&#x9;/home/think/.go/pkg/mod/github.com/onsi/ginkgo@v1.16.4/internal/leafnodes/setup_nodes.go:15 +0x7b&#xA;github.com/onsi/ginkgo/internal/spec.(*Spec).runSample.func1()&#xA;&#x9;/home/think/.go/pkg/mod/github.com/onsi/ginkgo@v1.16.4/internal/spec/spec.go:180 +0x209&#xA;github.com/onsi/ginkgo/internal/spec.(*Spec).runSample(0xc000c8ce10, 0xc000ca7a00, {0x1eca980, 0xc000058940})&#xA;&#x9;/home/think/.go/pkg/mod/github.com/onsi/ginkgo@v1.16.4/internal/spec/spec.go:197 +0x703&#xA;github.com/onsi/ginkgo/internal/spec.(*Spec).Run(0xc000c8ce10, {0x1eca980, 0xc000058940})&#xA;&#x9;/home/think/.go/pkg/mod/github.com/onsi/ginkgo@v1.16.4/internal/spec/spec.go:138 +0xe7&#xA;github.com/onsi/ginkgo/internal/specrunner.(*SpecRunner).runSpec(0xc000520dc0, 0xc000c8ce10)&#xA;&#x9;/home/think/.go/pkg/mod/github.com/onsi/ginkgo@v1.16.4/internal/specrunner/spec_runner.go:200 +0xe5&#xA;github.com/onsi/ginkgo/internal/specrunner.(*SpecRunner).runSpecs(0xc000520dc0)&#xA;&#x9;/home/think/.go/pkg/mod/github.com/onsi/ginkgo@v1.16.4/internal/specrunner/spec_runner.go:170 +0x1a5&#xA;github.com/onsi/ginkgo/internal/specrunner.(*SpecRunner).Run(0xc000520dc0)&#xA;&#x9;/home/think/.go/pkg/mod/github.com/onsi/ginkgo@v1.16.4/internal/specrunner/spec_runner.go:66 +0xc5&#xA;github.com/onsi/ginkgo/internal/suite.(*Suite).Run(0xc0001809a0, {0x7f04a030d588, 0xc000103d40}, {0x1be677c, 0x1}, {0xc000528560, 0x2, 0x2}, {0x1f1b118, 0xc000058940}, ...)&#xA;&#x9;/home/think/.go/pkg/mod/github.com/onsi/ginkgo@v1.16.4/internal/suite/suite.go:79 +0x4d2&#xA;github.com/onsi/ginkgo.runSpecsWithCustomReporters({0x1eccfc0, 0xc000103d40}, {0x1be677c, 0x9}, {0xc000528540, 0x2, 0x1bffd61})&#xA;&#x9;/home/think/.go/pkg/mod/github.com/onsi/ginkgo@v1.16.4/ginkgo_dsl.go:238 +0x185&#xA;github.com/onsi/ginkgo.RunSpecsWithDefaultAndCustomReporters({0x1eccfc0, 0xc000103d40}, {0x1be677c, 0x9}, {0xc0004b1f50, 0x1, 0x1})&#xA;&#x9;/home/think/.go/pkg/mod/github.com/onsi/ginkgo@v1.16.4/ginkgo_dsl.go:221 +0x1be&#xA;command-line-arguments.Test(0x407eb9)&#xA;&#x9;/home/think/Workspace/csi-baremetal/tests/e2e/baremetal_e2e_test.go:63 +0x12c&#xA;testing.tRunner(0xc000103d40, 0x1cc3aa8)&#xA;&#x9;/usr/local/go/src/testing/testing.go:1259 +0x102&#xA;created by testing.(*T).Run&#xA;&#x9;/usr/local/go/src/testing/testing.go:1306 +0x35a&#xA;[AfterEach] [sig-storage] CSI Volumes&#xA;  /home/think/Workspace/csi-baremetal/tests/e2e/scenarios/setup.go:52&#xA;Mar 10 17:30:14.168: INFO: Skip timeout due to all tests suite&#xA;</system-out>
      </testcase>
      <testcase name="[sig-storage] CSI Volumes [Driver: csi-baremetal] [Testpattern: Pre-provisioned PV (filesystem volmode)] multiVolume [Slow] should concurrently access the single volume from pods on different node" classname="CSI Suite" time="0.0003186">
          <skipped>/home/think/.go/pkg/mod/k8s.io/kubernetes@v1.22.5/test/e2e/storage/framework/testsuite.go:51&#xA;Baremetal Driver does not have PreprovisionedPV test suite implemented yet -- skipping&#xA;/home/think/Workspace/csi-baremetal/tests/e2e/scenarios/bare-metal-testdriver.go:125</skipped>
      </testcase>
      <testcase name="[sig-storage] CSI Volumes [Driver: csi-baremetal] [Testpattern: Pre-provisioned PV (block volmode)] multiVolume [Slow] should access to two volumes with different volume mode and retain data across pod recreation on the same node" classname="CSI Suite" time="0.0003105">
          <skipped>/home/think/.go/pkg/mod/k8s.io/kubernetes@v1.22.5/test/e2e/storage/framework/testsuite.go:51&#xA;Baremetal Driver does not have PreprovisionedPV test suite implemented yet -- skipping&#xA;/home/think/Workspace/csi-baremetal/tests/e2e/scenarios/bare-metal-testdriver.go:125</skipped>
      </testcase>
      <testcase name="[sig-storage] CSI Volumes [Driver: csi-baremetal] [Testpattern: Dynamic PV (xfs)][Slow] multiVolume [Slow] should access to two volumes with different volume mode and retain data across pod recreation on different node" classname="CSI Suite" time="0.0006047">
          <failure type="Failure">/home/think/.go/pkg/mod/k8s.io/kubernetes@v1.22.5/test/e2e/framework/framework.go:185&#xA;Unexpected error:&#xA;    &lt;clientcmd.errConfigurationInvalid | len:1, cap:1&gt;: [&#xA;        &lt;*clientcmd.errEmptyConfig | 0xc000512670&gt;{&#xA;            message: &#34;no configuration has been provided, try setting KUBERNETES_MASTER environment variable&#34;,&#xA;        },&#xA;    ]&#xA;    invalid configuration: no configuration has been provided, try setting KUBERNETES_MASTER environment variable&#xA;occurred&#xA;/home/think/.go/pkg/mod/k8s.io/kubernetes@v1.22.5/test/e2e/framework/framework.go:201</failure>
          <system-out>[BeforeEach] [Testpattern: Dynamic PV (xfs)][Slow] multiVolume [Slow]&#xA;  /home/think/.go/pkg/mod/k8s.io/kubernetes@v1.22.5/test/e2e/storage/framework/testsuite.go:51&#xA;[BeforeEach] [Testpattern: Dynamic PV (xfs)][Slow] multiVolume [Slow]&#xA;  /home/think/.go/pkg/mod/k8s.io/kubernetes@v1.22.5/test/e2e/framework/framework.go:185&#xA;�[1mSTEP�[0m: Creating a kubernetes client&#xA;Mar 10 17:30:14.169: INFO: &gt;&gt;&gt; kubeConfig: /home/think/.kube/config&#xA;[AfterEach] [Testpattern: Dynamic PV (xfs)][Slow] multiVolume [Slow]&#xA;  /home/think/.go/pkg/mod/k8s.io/kubernetes@v1.22.5/test/e2e/framework/framework.go:186&#xA;Mar 10 17:30:14.169: FAIL: The framework ClientSet must not be nil at this point&#xA;&#xA;Full Stack Trace&#xA;github.com/onsi/ginkgo/internal/leafnodes.(*runner).runSync(0xc000103a00)&#xA;&#x9;/home/think/.go/pkg/mod/github.com/onsi/ginkgo@v1.16.4/internal/leafnodes/runner.go:113 +0xba&#xA;github.com/onsi/ginkgo/internal/leafnodes.(*runner).run(0xc000040560)&#xA;&#x9;/home/think/.go/pkg/mod/github.com/onsi/ginkgo@v1.16.4/internal/leafnodes/runner.go:64 +0x125&#xA;github.com/onsi/ginkgo/internal/leafnodes.(*SetupNode).Run(0x38)&#xA;&#x9;/home/think/.go/pkg/mod/github.com/onsi/ginkgo@v1.16.4/internal/leafnodes/setup_nodes.go:15 +0x7b&#xA;github.com/onsi/ginkgo/internal/spec.(*Spec).runSample.func1()&#xA;&#x9;/home/think/.go/pkg/mod/github.com/onsi/ginkgo@v1.16.4/internal/spec/spec.go:180 +0x209&#xA;github.com/onsi/ginkgo/internal/spec.(*Spec).runSample(0xc000c8aa50, 0xc000ca7a00, {0x1eca980, 0xc000058940})&#xA;&#x9;/home/think/.go/pkg/mod/github.com/onsi/ginkgo@v1.16.4/internal/spec/spec.go:197 +0x703&#xA;github.com/onsi/ginkgo/internal/spec.(*Spec).Run(0xc000c8aa50, {0x1eca980, 0xc000058940})&#xA;&#x9;/home/think/.go/pkg/mod/github.com/onsi/ginkgo@v1.16.4/internal/spec/spec.go:138 +0xe7&#xA;github.com/onsi/ginkgo/internal/specrunner.(*SpecRunner).runSpec(0xc000520dc0, 0xc000c8aa50)&#xA;&#x9;/home/think/.go/pkg/mod/github.com/onsi/ginkgo@v1.16.4/internal/specrunner/spec_runner.go:200 +0xe5&#xA;github.com/onsi/ginkgo/internal/specrunner.(*SpecRunner).runSpecs(0xc000520dc0)&#xA;&#x9;/home/think/.go/pkg/mod/github.com/onsi/ginkgo@v1.16.4/internal/specrunner/spec_runner.go:170 +0x1a5&#xA;github.com/onsi/ginkgo/internal/specrunner.(*SpecRunner).Run(0xc000520dc0)&#xA;&#x9;/home/think/.go/pkg/mod/github.com/onsi/ginkgo@v1.16.4/internal/specrunner/spec_runner.go:66 +0xc5&#xA;github.com/onsi/ginkgo/internal/suite.(*Suite).Run(0xc0001809a0, {0x7f04a030d588, 0xc000103d40}, {0x1be677c, 0x1}, {0xc000528560, 0x2, 0x2}, {0x1f1b118, 0xc000058940}, ...)&#xA;&#x9;/home/think/.go/pkg/mod/github.com/onsi/ginkgo@v1.16.4/internal/suite/suite.go:79 +0x4d2&#xA;github.com/onsi/ginkgo.runSpecsWithCustomReporters({0x1eccfc0, 0xc000103d40}, {0x1be677c, 0x9}, {0xc000528540, 0x2, 0x1bffd61})&#xA;&#x9;/home/think/.go/pkg/mod/github.com/onsi/ginkgo@v1.16.4/ginkgo_dsl.go:238 +0x185&#xA;github.com/onsi/ginkgo.RunSpecsWithDefaultAndCustomReporters({0x1eccfc0, 0xc000103d40}, {0x1be677c, 0x9}, {0xc0004b1f50, 0x1, 0x1})&#xA;&#x9;/home/think/.go/pkg/mod/github.com/onsi/ginkgo@v1.16.4/ginkgo_dsl.go:221 +0x1be&#xA;command-line-arguments.Test(0x407eb9)&#xA;&#x9;/home/think/Workspace/csi-baremetal/tests/e2e/baremetal_e2e_test.go:63 +0x12c&#xA;testing.tRunner(0xc000103d40, 0x1cc3aa8)&#xA;&#x9;/usr/local/go/src/testing/testing.go:1259 +0x102&#xA;created by testing.(*T).Run&#xA;&#x9;/usr/local/go/src/testing/testing.go:1306 +0x35a&#xA;[AfterEach] [sig-storage] CSI Volumes&#xA;  /home/think/Workspace/csi-baremetal/tests/e2e/scenarios/setup.go:52&#xA;Mar 10 17:30:14.169: INFO: Skip timeout due to all tests suite&#xA;</system-out>
      </testcase>
      <testcase name="[sig-storage] CSI Volumes [Driver: csi-baremetal] [Testpattern: Dynamic PV (default fs)] provisioning should provision storage with pvc data source" classname="CSI Suite" time="0.000567">
          <failure type="Failure">/home/think/.go/pkg/mod/k8s.io/kubernetes@v1.22.5/test/e2e/framework/framework.go:185&#xA;Unexpected error:&#xA;    &lt;clientcmd.errConfigurationInvalid | len:1, cap:1&gt;: [&#xA;        &lt;*clientcmd.errEmptyConfig | 0xc000512670&gt;{&#xA;            message: &#34;no configuration has been provided, try setting KUBERNETES_MASTER environment variable&#34;,&#xA;        },&#xA;    ]&#xA;    invalid configuration: no configuration has been provided, try setting KUBERNETES_MASTER environment variable&#xA;occurred&#xA;/home/think/.go/pkg/mod/k8s.io/kubernetes@v1.22.5/test/e2e/framework/framework.go:201</failure>
          <system-out>[BeforeEach] [Testpattern: Dynamic PV (default fs)] provisioning&#xA;  /home/think/.go/pkg/mod/k8s.io/kubernetes@v1.22.5/test/e2e/storage/framework/testsuite.go:51&#xA;[BeforeEach] [Testpattern: Dynamic PV (default fs)] provisioning&#xA;  /home/think/.go/pkg/mod/k8s.io/kubernetes@v1.22.5/test/e2e/framework/framework.go:185&#xA;�[1mSTEP�[0m: Creating a kubernetes client&#xA;Mar 10 17:30:14.169: INFO: &gt;&gt;&gt; kubeConfig: /home/think/.kube/config&#xA;[AfterEach] [Testpattern: Dynamic PV (default fs)] provisioning&#xA;  /home/think/.go/pkg/mod/k8s.io/kubernetes@v1.22.5/test/e2e/framework/framework.go:186&#xA;Mar 10 17:30:14.169: FAIL: The framework ClientSet must not be nil at this point&#xA;&#xA;Full Stack Trace&#xA;github.com/onsi/ginkgo/internal/leafnodes.(*runner).runSync(0xc000103a00)&#xA;&#x9;/home/think/.go/pkg/mod/github.com/onsi/ginkgo@v1.16.4/internal/leafnodes/runner.go:113 +0xba&#xA;github.com/onsi/ginkgo/internal/leafnodes.(*runner).run(0xc000040560)&#xA;&#x9;/home/think/.go/pkg/mod/github.com/onsi/ginkgo@v1.16.4/internal/leafnodes/runner.go:64 +0x125&#xA;github.com/onsi/ginkgo/internal/leafnodes.(*SetupNode).Run(0x38)&#xA;&#x9;/home/think/.go/pkg/mod/github.com/onsi/ginkgo@v1.16.4/internal/leafnodes/setup_nodes.go:15 +0x7b&#xA;github.com/onsi/ginkgo/internal/spec.(*Spec).runSample.func1()&#xA;&#x9;/home/think/.go/pkg/mod/github.com/onsi/ginkgo@v1.16.4/internal/spec/spec.go:180 +0x209&#xA;github.com/onsi/ginkgo/internal/spec.(*Spec).runSample(0xc00043f3b0, 0xc000ca7a00, {0x1eca980, 0xc000058940})&#xA;&#x9;/home/think/.go/pkg/mod/github.com/onsi/ginkgo@v1.16.4/internal/spec/spec.go:197 +0x703&#xA;github.com/onsi/ginkgo/internal/spec.(*Spec).Run(0xc00043f3b0, {0x1eca980, 0xc000058940})&#xA;&#x9;/home/think/.go/pkg/mod/github.com/onsi/ginkgo@v1.16.4/internal/spec/spec.go:138 +0xe7&#xA;github.com/onsi/ginkgo/internal/specrunner.(*SpecRunner).runSpec(0xc000520dc0, 0xc00043f3b0)&#xA;&#x9;/home/think/.go/pkg/mod/github.com/onsi/ginkgo@v1.16.4/internal/specrunner/spec_runner.go:200 +0xe5&#xA;github.com/onsi/ginkgo/internal/specrunner.(*SpecRunner).runSpecs(0xc000520dc0)&#xA;&#x9;/home/think/.go/pkg/mod/github.com/onsi/ginkgo@v1.16.4/internal/specrunner/spec_runner.go:170 +0x1a5&#xA;github.com/onsi/ginkgo/internal/specrunner.(*SpecRunner).Run(0xc000520dc0)&#xA;&#x9;/home/think/.go/pkg/mod/github.com/onsi/ginkgo@v1.16.4/internal/specrunner/spec_runner.go:66 +0xc5&#xA;github.com/onsi/ginkgo/internal/suite.(*Suite).Run(0xc0001809a0, {0x7f04a030d588, 0xc000103d40}, {0x1be677c, 0x1}, {0xc000528560, 0x2, 0x2}, {0x1f1b118, 0xc000058940}, ...)&#xA;&#x9;/home/think/.go/pkg/mod/github.com/onsi/ginkgo@v1.16.4/internal/suite/suite.go:79 +0x4d2&#xA;github.com/onsi/ginkgo.runSpecsWithCustomReporters({0x1eccfc0, 0xc000103d40}, {0x1be677c, 0x9}, {0xc000528540, 0x2, 0x1bffd61})&#xA;&#x9;/home/think/.go/pkg/mod/github.com/onsi/ginkgo@v1.16.4/ginkgo_dsl.go:238 +0x185&#xA;github.com/onsi/ginkgo.RunSpecsWithDefaultAndCustomReporters({0x1eccfc0, 0xc000103d40}, {0x1be677c, 0x9}, {0xc0004b1f50, 0x1, 0x1})&#xA;&#x9;/home/think/.go/pkg/mod/github.com/onsi/ginkgo@v1.16.4/ginkgo_dsl.go:221 +0x1be&#xA;command-line-arguments.Test(0x407eb9)&#xA;&#x9;/home/think/Workspace/csi-baremetal/tests/e2e/baremetal_e2e_test.go:63 +0x12c&#xA;testing.tRunner(0xc000103d40, 0x1cc3aa8)&#xA;&#x9;/usr/local/go/src/testing/testing.go:1259 +0x102&#xA;created by testing.(*T).Run&#xA;&#x9;/usr/local/go/src/testing/testing.go:1306 +0x35a&#xA;[AfterEach] [sig-storage] CSI Volumes&#xA;  /home/think/Workspace/csi-baremetal/tests/e2e/scenarios/setup.go:52&#xA;Mar 10 17:30:14.170: INFO: Skip timeout due to all tests suite&#xA;</system-out>
      </testcase>
      <testcase name="[sig-storage] CSI Volumes [Driver: csi-baremetal] [Testpattern: Inline-volume (ext3)] volumes should store data" classname="CSI Suite" time="0.0002604">
          <skipped>/home/think/.go/pkg/mod/k8s.io/kubernetes@v1.22.5/test/e2e/storage/framework/testsuite.go:51&#xA;Driver csi-baremetal doesn&#39;t support InlineVolume -- skipping&#xA;/home/think/.go/pkg/mod/k8s.io/kubernetes@v1.22.5/test/e2e/storage/framework/testsuite.go:116</skipped>
      </testcase>
      <testcase name="[sig-storage] CSI Volumes [Driver: csi-baremetal] [Testpattern: Dynamic PV (default fs)] volumes should allow exec of files on the volume" classname="CSI Suite" time="0.0005376">
          <failure type="Failure">/home/think/.go/pkg/mod/k8s.io/kubernetes@v1.22.5/test/e2e/framework/framework.go:185&#xA;Unexpected error:&#xA;    &lt;clientcmd.errConfigurationInvalid | len:1, cap:1&gt;: [&#xA;        &lt;*clientcmd.errEmptyConfig | 0xc000512670&gt;{&#xA;            message: &#34;no configuration has been provided, try setting KUBERNETES_MASTER environment variable&#34;,&#xA;        },&#xA;    ]&#xA;    invalid configuration: no configuration has been provided, try setting KUBERNETES_MASTER environment variable&#xA;occurred&#xA;/home/think/.go/pkg/mod/k8s.io/kubernetes@v1.22.5/test/e2e/framework/framework.go:201</failure>
          <system-out>[BeforeEach] [Testpattern: Dynamic PV (default fs)] volumes&#xA;  /home/think/.go/pkg/mod/k8s.io/kubernetes@v1.22.5/test/e2e/storage/framework/testsuite.go:51&#xA;[BeforeEach] [Testpattern: Dynamic PV (default fs)] volumes&#xA;  /home/think/.go/pkg/mod/k8s.io/kubernetes@v1.22.5/test/e2e/framework/framework.go:185&#xA;�[1mSTEP�[0m: Creating a kubernetes client&#xA;Mar 10 17:30:14.170: INFO: &gt;&gt;&gt; kubeConfig: /home/think/.kube/config&#xA;[AfterEach] [Testpattern: Dynamic PV (default fs)] volumes&#xA;  /home/think/.go/pkg/mod/k8s.io/kubernetes@v1.22.5/test/e2e/framework/framework.go:186&#xA;Mar 10 17:30:14.170: FAIL: The framework ClientSet must not be nil at this point&#xA;&#xA;Full Stack Trace&#xA;github.com/onsi/ginkgo/internal/leafnodes.(*runner).runSync(0xc000103a00)&#xA;&#x9;/home/think/.go/pkg/mod/github.com/onsi/ginkgo@v1.16.4/internal/leafnodes/runner.go:113 +0xba&#xA;github.com/onsi/ginkgo/internal/leafnodes.(*runner).run(0xc000040560)&#xA;&#x9;/home/think/.go/pkg/mod/github.com/onsi/ginkgo@v1.16.4/internal/leafnodes/runner.go:64 +0x125&#xA;github.com/onsi/ginkgo/internal/leafnodes.(*SetupNode).Run(0x38)&#xA;&#x9;/home/think/.go/pkg/mod/github.com/onsi/ginkgo@v1.16.4/internal/leafnodes/setup_nodes.go:15 +0x7b&#xA;github.com/onsi/ginkgo/internal/spec.(*Spec).runSample.func1()&#xA;&#x9;/home/think/.go/pkg/mod/github.com/onsi/ginkgo@v1.16.4/internal/spec/spec.go:180 +0x209&#xA;github.com/onsi/ginkgo/internal/spec.(*Spec).runSample(0xc0006ca960, 0xc000ca7a00, {0x1eca980, 0xc000058940})&#xA;&#x9;/home/think/.go/pkg/mod/github.com/onsi/ginkgo@v1.16.4/internal/spec/spec.go:197 +0x703&#xA;github.com/onsi/ginkgo/internal/spec.(*Spec).Run(0xc0006ca960, {0x1eca980, 0xc000058940})&#xA;&#x9;/home/think/.go/pkg/mod/github.com/onsi/ginkgo@v1.16.4/internal/spec/spec.go:138 +0xe7&#xA;github.com/onsi/ginkgo/internal/specrunner.(*SpecRunner).runSpec(0xc000520dc0, 0xc0006ca960)&#xA;&#x9;/home/think/.go/pkg/mod/github.com/onsi/ginkgo@v1.16.4/internal/specrunner/spec_runner.go:200 +0xe5&#xA;github.com/onsi/ginkgo/internal/specrunner.(*SpecRunner).runSpecs(0xc000520dc0)&#xA;&#x9;/home/think/.go/pkg/mod/github.com/onsi/ginkgo@v1.16.4/internal/specrunner/spec_runner.go:170 +0x1a5&#xA;github.com/onsi/ginkgo/internal/specrunner.(*SpecRunner).Run(0xc000520dc0)&#xA;&#x9;/home/think/.go/pkg/mod/github.com/onsi/ginkgo@v1.16.4/internal/specrunner/spec_runner.go:66 +0xc5&#xA;github.com/onsi/ginkgo/internal/suite.(*Suite).Run(0xc0001809a0, {0x7f04a030d588, 0xc000103d40}, {0x1be677c, 0x1}, {0xc000528560, 0x2, 0x2}, {0x1f1b118, 0xc000058940}, ...)&#xA;&#x9;/home/think/.go/pkg/mod/github.com/onsi/ginkgo@v1.16.4/internal/suite/suite.go:79 +0x4d2&#xA;github.com/onsi/ginkgo.runSpecsWithCustomReporters({0x1eccfc0, 0xc000103d40}, {0x1be677c, 0x9}, {0xc000528540, 0x2, 0x1bffd61})&#xA;&#x9;/home/think/.go/pkg/mod/github.com/onsi/ginkgo@v1.16.4/ginkgo_dsl.go:238 +0x185&#xA;github.com/onsi/ginkgo.RunSpecsWithDefaultAndCustomReporters({0x1eccfc0, 0xc000103d40}, {0x1be677c, 0x9}, {0xc0004b1f50, 0x1, 0x1})&#xA;&#x9;/home/think/.go/pkg/mod/github.com/onsi/ginkgo@v1.16.4/ginkgo_dsl.go:221 +0x1be&#xA;command-line-arguments.Test(0x407eb9)&#xA;&#x9;/home/think/Workspace/csi-baremetal/tests/e2e/baremetal_e2e_test.go:63 +0x12c&#xA;testing.tRunner(0xc000103d40, 0x1cc3aa8)&#xA;&#x9;/usr/local/go/src/testing/testing.go:1259 +0x102&#xA;created by testing.(*T).Run&#xA;&#x9;/usr/local/go/src/testing/testing.go:1306 +0x35a&#xA;[AfterEach] [sig-storage] CSI Volumes&#xA;  /home/think/Workspace/csi-baremetal/tests/e2e/scenarios/setup.go:52&#xA;Mar 10 17:30:14.171: INFO: Skip timeout due to all tests suite&#xA;</system-out>
      </testcase>
  </testsuite>